2022-11-22 16:11:36.056 [main] INFO  com.zwc.Springboot02Application - Starting Springboot02Application using Java 1.8.0_131 on DESKTOP-TEJ57I6 with PID 36680 (E:\javaprojects\spring-learning\springboot02\target\classes started by ray in E:\javaprojects\spring-learning)
2022-11-22 16:11:36.057 [main] INFO  com.zwc.Springboot02Application - No active profile set, falling back to 1 default profile: "default"
2022-11-22 16:11:36.551 [main] INFO  o.s.boot.web.embedded.tomcat.TomcatWebServer - Tomcat initialized with port(s): 8091 (http)
2022-11-22 16:11:36.556 [main] INFO  org.apache.coyote.http11.Http11NioProtocol - Initializing ProtocolHandler ["http-nio-8091"]
2022-11-22 16:11:36.557 [main] INFO  org.apache.catalina.core.StandardService - Starting service [Tomcat]
2022-11-22 16:11:36.557 [main] INFO  org.apache.catalina.core.StandardEngine - Starting Servlet engine: [Apache Tomcat/9.0.68]
2022-11-22 16:11:36.621 [main] INFO  o.a.c.c.C.[Tomcat].[localhost].[/springboot02] - Initializing Spring embedded WebApplicationContext
2022-11-22 16:11:36.621 [main] INFO  o.s.b.w.s.c.ServletWebServerApplicationContext - Root WebApplicationContext: initialization completed in 541 ms
2022-11-22 16:11:36.920 [main] INFO  org.apache.coyote.http11.Http11NioProtocol - Starting ProtocolHandler ["http-nio-8091"]
2022-11-22 16:11:36.927 [main] INFO  o.s.boot.web.embedded.tomcat.TomcatWebServer - Tomcat started on port(s): 8091 (http) with context path '/springboot02'
2022-11-22 16:11:36.932 [main] INFO  com.zwc.Springboot02Application - Started Springboot02Application in 1.096 seconds (JVM running for 1.534)
2022-11-22 16:11:53.444 [http-nio-8091-exec-1] INFO  o.a.c.c.C.[Tomcat].[localhost].[/springboot02] - Initializing Spring DispatcherServlet 'dispatcherServlet'
2022-11-22 16:11:53.444 [http-nio-8091-exec-1] INFO  org.springframework.web.servlet.DispatcherServlet - Initializing Servlet 'dispatcherServlet'
2022-11-22 16:11:53.445 [http-nio-8091-exec-1] INFO  org.springframework.web.servlet.DispatcherServlet - Completed initialization in 1 ms
2022-11-22 16:11:53.462 [http-nio-8091-exec-1] INFO  com.zaxxer.hikari.HikariDataSource - HikariPool-1 - Starting...
2022-11-22 16:11:53.512 [http-nio-8091-exec-1] INFO  com.zaxxer.hikari.HikariDataSource - HikariPool-1 - Start completed.
2022-11-22 16:11:53.515 [http-nio-8091-exec-1] DEBUG com.zwc.mapper.UserMapper.selectAll - ==>  Preparing: select * from user
2022-11-22 16:11:53.526 [http-nio-8091-exec-1] DEBUG com.zwc.mapper.UserMapper.selectAll - ==> Parameters: 
2022-11-22 16:11:53.538 [http-nio-8091-exec-1] DEBUG com.zwc.mapper.UserMapper.selectAll - <==      Total: 2
2022-11-22 16:12:56.854 [main] INFO  com.zwc.Springboot02Application - Starting Springboot02Application using Java 1.8.0_131 on DESKTOP-TEJ57I6 with PID 31964 (E:\javaprojects\spring-learning\springboot02\target\classes started by ray in E:\javaprojects\spring-learning)
2022-11-22 16:12:56.855 [main] INFO  com.zwc.Springboot02Application - No active profile set, falling back to 1 default profile: "default"
2022-11-22 16:12:57.386 [main] INFO  o.s.boot.web.embedded.tomcat.TomcatWebServer - Tomcat initialized with port(s): 8091 (http)
2022-11-22 16:12:57.391 [main] INFO  org.apache.coyote.http11.Http11NioProtocol - Initializing ProtocolHandler ["http-nio-8091"]
2022-11-22 16:12:57.392 [main] INFO  org.apache.catalina.core.StandardService - Starting service [Tomcat]
2022-11-22 16:12:57.392 [main] INFO  org.apache.catalina.core.StandardEngine - Starting Servlet engine: [Apache Tomcat/9.0.68]
2022-11-22 16:12:57.447 [main] INFO  o.a.c.c.C.[Tomcat].[localhost].[/springboot02] - Initializing Spring embedded WebApplicationContext
2022-11-22 16:12:57.447 [main] INFO  o.s.b.w.s.c.ServletWebServerApplicationContext - Root WebApplicationContext: initialization completed in 567 ms
2022-11-22 16:12:57.737 [main] INFO  org.apache.coyote.http11.Http11NioProtocol - Starting ProtocolHandler ["http-nio-8091"]
2022-11-22 16:12:57.744 [main] INFO  o.s.boot.web.embedded.tomcat.TomcatWebServer - Tomcat started on port(s): 8091 (http) with context path '/springboot02'
2022-11-22 16:12:57.750 [main] INFO  com.zwc.Springboot02Application - Started Springboot02Application in 1.102 seconds (JVM running for 1.531)
2022-11-22 16:13:06.115 [http-nio-8091-exec-1] INFO  o.a.c.c.C.[Tomcat].[localhost].[/springboot02] - Initializing Spring DispatcherServlet 'dispatcherServlet'
2022-11-22 16:13:06.115 [http-nio-8091-exec-1] INFO  org.springframework.web.servlet.DispatcherServlet - Initializing Servlet 'dispatcherServlet'
2022-11-22 16:13:06.116 [http-nio-8091-exec-1] INFO  org.springframework.web.servlet.DispatcherServlet - Completed initialization in 1 ms
2022-11-22 16:13:06.129 [http-nio-8091-exec-1] INFO  com.zaxxer.hikari.HikariDataSource - HikariPool-1 - Starting...
2022-11-22 16:13:06.180 [http-nio-8091-exec-1] INFO  com.zaxxer.hikari.HikariDataSource - HikariPool-1 - Start completed.
2022-11-22 16:13:06.193 [http-nio-8091-exec-1] DEBUG com.zwc.mapper.UserMapper.selectAll - ==>  Preparing: select * from user
2022-11-22 16:13:06.202 [http-nio-8091-exec-1] DEBUG com.zwc.mapper.UserMapper.selectAll - ==> Parameters: 
2022-11-22 16:13:06.215 [http-nio-8091-exec-1] DEBUG com.zwc.mapper.UserMapper.selectAll - <==      Total: 2
2022-11-22 16:30:27.714 [main] INFO  com.zwc.Springboot02Application - Starting Springboot02Application using Java 1.8.0_131 on DESKTOP-TEJ57I6 with PID 11000 (E:\javaprojects\spring-learning\springboot02\target\classes started by ray in E:\javaprojects\spring-learning)
2022-11-22 16:30:27.716 [main] INFO  com.zwc.Springboot02Application - No active profile set, falling back to 1 default profile: "default"
2022-11-22 16:30:28.363 [main] INFO  o.s.boot.web.embedded.tomcat.TomcatWebServer - Tomcat initialized with port(s): 8091 (http)
2022-11-22 16:30:28.367 [main] INFO  org.apache.coyote.http11.Http11NioProtocol - Initializing ProtocolHandler ["http-nio-8091"]
2022-11-22 16:30:28.367 [main] INFO  org.apache.catalina.core.StandardService - Starting service [Tomcat]
2022-11-22 16:30:28.367 [main] INFO  org.apache.catalina.core.StandardEngine - Starting Servlet engine: [Apache Tomcat/9.0.68]
2022-11-22 16:30:28.447 [main] INFO  o.a.c.c.C.[Tomcat].[localhost].[/springboot02] - Initializing Spring embedded WebApplicationContext
2022-11-22 16:30:28.447 [main] INFO  o.s.b.w.s.c.ServletWebServerApplicationContext - Root WebApplicationContext: initialization completed in 703 ms
2022-11-22 16:30:28.772 [main] INFO  org.apache.coyote.http11.Http11NioProtocol - Starting ProtocolHandler ["http-nio-8091"]
2022-11-22 16:30:28.782 [main] INFO  o.s.boot.web.embedded.tomcat.TomcatWebServer - Tomcat started on port(s): 8091 (http) with context path '/springboot02'
2022-11-22 16:30:28.788 [main] INFO  com.zwc.Springboot02Application - Started Springboot02Application in 1.277 seconds (JVM running for 1.693)
2022-11-22 16:30:42.368 [http-nio-8091-exec-1] INFO  o.a.c.c.C.[Tomcat].[localhost].[/springboot02] - Initializing Spring DispatcherServlet 'dispatcherServlet'
2022-11-22 16:30:42.368 [http-nio-8091-exec-1] INFO  org.springframework.web.servlet.DispatcherServlet - Initializing Servlet 'dispatcherServlet'
2022-11-22 16:30:42.369 [http-nio-8091-exec-1] INFO  org.springframework.web.servlet.DispatcherServlet - Completed initialization in 1 ms
2022-11-22 16:30:42.382 [http-nio-8091-exec-1] INFO  com.zaxxer.hikari.HikariDataSource - HikariPool-1 - Starting...
2022-11-22 16:30:42.435 [http-nio-8091-exec-1] INFO  com.zaxxer.hikari.HikariDataSource - HikariPool-1 - Start completed.
2022-11-22 16:30:42.447 [http-nio-8091-exec-1] ERROR o.a.c.c.C.[.[.[/springboot02].[dispatcherServlet] - Servlet.service() for servlet [dispatcherServlet] in context with path [/springboot02] threw exception [Request processing failed; nested exception is org.apache.ibatis.binding.BindingException: Invalid bound statement (not found): com.zwc.mapper.EmpMapper.findAll] with root cause
org.apache.ibatis.binding.BindingException: Invalid bound statement (not found): com.zwc.mapper.EmpMapper.findAll
	at org.apache.ibatis.binding.MapperMethod$SqlCommand.<init>(MapperMethod.java:235)
	at org.apache.ibatis.binding.MapperMethod.<init>(MapperMethod.java:53)
	at org.apache.ibatis.binding.MapperProxy.lambda$cachedInvoker$0(MapperProxy.java:115)
	at java.util.concurrent.ConcurrentHashMap.computeIfAbsent(ConcurrentHashMap.java:1660)
	at org.apache.ibatis.binding.MapperProxy.cachedInvoker(MapperProxy.java:102)
	at org.apache.ibatis.binding.MapperProxy.invoke(MapperProxy.java:85)
	at com.sun.proxy.$Proxy58.findAll(Unknown Source)
	at com.zwc.service.impl.EmpServcieImpl.findAll(EmpServcieImpl.java:24)
	at com.zwc.service.impl.EmpServcieImpl$$FastClassBySpringCGLIB$$9681b821.invoke(<generated>)
	at org.springframework.cglib.proxy.MethodProxy.invoke(MethodProxy.java:218)
	at org.springframework.aop.framework.CglibAopProxy$CglibMethodInvocation.invokeJoinpoint(CglibAopProxy.java:793)
	at org.springframework.aop.framework.ReflectiveMethodInvocation.proceed(ReflectiveMethodInvocation.java:163)
	at org.springframework.aop.framework.CglibAopProxy$CglibMethodInvocation.proceed(CglibAopProxy.java:763)
	at org.springframework.transaction.interceptor.TransactionInterceptor$1.proceedWithInvocation(TransactionInterceptor.java:123)
	at org.springframework.transaction.interceptor.TransactionAspectSupport.invokeWithinTransaction(TransactionAspectSupport.java:388)
	at org.springframework.transaction.interceptor.TransactionInterceptor.invoke(TransactionInterceptor.java:119)
	at org.springframework.aop.framework.ReflectiveMethodInvocation.proceed(ReflectiveMethodInvocation.java:186)
	at org.springframework.aop.framework.CglibAopProxy$CglibMethodInvocation.proceed(CglibAopProxy.java:763)
	at org.springframework.aop.framework.CglibAopProxy$DynamicAdvisedInterceptor.intercept(CglibAopProxy.java:708)
	at com.zwc.service.impl.EmpServcieImpl$$EnhancerBySpringCGLIB$$b90585e3.findAll(<generated>)
	at com.zwc.controller.EmpController.findAll(EmpController.java:23)
	at sun.reflect.NativeMethodAccessorImpl.invoke0(Native Method)
	at sun.reflect.NativeMethodAccessorImpl.invoke(NativeMethodAccessorImpl.java:62)
	at sun.reflect.DelegatingMethodAccessorImpl.invoke(DelegatingMethodAccessorImpl.java:43)
	at java.lang.reflect.Method.invoke(Method.java:498)
	at org.springframework.web.method.support.InvocableHandlerMethod.doInvoke(InvocableHandlerMethod.java:205)
	at org.springframework.web.method.support.InvocableHandlerMethod.invokeForRequest(InvocableHandlerMethod.java:150)
	at org.springframework.web.servlet.mvc.method.annotation.ServletInvocableHandlerMethod.invokeAndHandle(ServletInvocableHandlerMethod.java:117)
	at org.springframework.web.servlet.mvc.method.annotation.RequestMappingHandlerAdapter.invokeHandlerMethod(RequestMappingHandlerAdapter.java:895)
	at org.springframework.web.servlet.mvc.method.annotation.RequestMappingHandlerAdapter.handleInternal(RequestMappingHandlerAdapter.java:808)
	at org.springframework.web.servlet.mvc.method.AbstractHandlerMethodAdapter.handle(AbstractHandlerMethodAdapter.java:87)
	at org.springframework.web.servlet.DispatcherServlet.doDispatch(DispatcherServlet.java:1071)
	at org.springframework.web.servlet.DispatcherServlet.doService(DispatcherServlet.java:964)
	at org.springframework.web.servlet.FrameworkServlet.processRequest(FrameworkServlet.java:1006)
	at org.springframework.web.servlet.FrameworkServlet.doGet(FrameworkServlet.java:898)
	at javax.servlet.http.HttpServlet.service(HttpServlet.java:670)
	at org.springframework.web.servlet.FrameworkServlet.service(FrameworkServlet.java:883)
	at javax.servlet.http.HttpServlet.service(HttpServlet.java:779)
	at org.apache.catalina.core.ApplicationFilterChain.internalDoFilter(ApplicationFilterChain.java:227)
	at org.apache.catalina.core.ApplicationFilterChain.doFilter(ApplicationFilterChain.java:162)
	at org.apache.tomcat.websocket.server.WsFilter.doFilter(WsFilter.java:53)
	at org.apache.catalina.core.ApplicationFilterChain.internalDoFilter(ApplicationFilterChain.java:189)
	at org.apache.catalina.core.ApplicationFilterChain.doFilter(ApplicationFilterChain.java:162)
	at org.springframework.web.filter.RequestContextFilter.doFilterInternal(RequestContextFilter.java:100)
	at org.springframework.web.filter.OncePerRequestFilter.doFilter(OncePerRequestFilter.java:117)
	at org.apache.catalina.core.ApplicationFilterChain.internalDoFilter(ApplicationFilterChain.java:189)
	at org.apache.catalina.core.ApplicationFilterChain.doFilter(ApplicationFilterChain.java:162)
	at org.springframework.web.filter.FormContentFilter.doFilterInternal(FormContentFilter.java:93)
	at org.springframework.web.filter.OncePerRequestFilter.doFilter(OncePerRequestFilter.java:117)
	at org.apache.catalina.core.ApplicationFilterChain.internalDoFilter(ApplicationFilterChain.java:189)
	at org.apache.catalina.core.ApplicationFilterChain.doFilter(ApplicationFilterChain.java:162)
	at org.springframework.web.filter.CharacterEncodingFilter.doFilterInternal(CharacterEncodingFilter.java:201)
	at org.springframework.web.filter.OncePerRequestFilter.doFilter(OncePerRequestFilter.java:117)
	at org.apache.catalina.core.ApplicationFilterChain.internalDoFilter(ApplicationFilterChain.java:189)
	at org.apache.catalina.core.ApplicationFilterChain.doFilter(ApplicationFilterChain.java:162)
	at org.apache.catalina.core.StandardWrapperValve.invoke(StandardWrapperValve.java:197)
	at org.apache.catalina.core.StandardContextValve.invoke(StandardContextValve.java:97)
	at org.apache.catalina.authenticator.AuthenticatorBase.invoke(AuthenticatorBase.java:541)
	at org.apache.catalina.core.StandardHostValve.invoke(StandardHostValve.java:135)
	at org.apache.catalina.valves.ErrorReportValve.invoke(ErrorReportValve.java:92)
	at org.apache.catalina.core.StandardEngineValve.invoke(StandardEngineValve.java:78)
	at org.apache.catalina.connector.CoyoteAdapter.service(CoyoteAdapter.java:360)
	at org.apache.coyote.http11.Http11Processor.service(Http11Processor.java:399)
	at org.apache.coyote.AbstractProcessorLight.process(AbstractProcessorLight.java:65)
	at org.apache.coyote.AbstractProtocol$ConnectionHandler.process(AbstractProtocol.java:893)
	at org.apache.tomcat.util.net.NioEndpoint$SocketProcessor.doRun(NioEndpoint.java:1789)
	at org.apache.tomcat.util.net.SocketProcessorBase.run(SocketProcessorBase.java:49)
	at org.apache.tomcat.util.threads.ThreadPoolExecutor.runWorker(ThreadPoolExecutor.java:1191)
	at org.apache.tomcat.util.threads.ThreadPoolExecutor$Worker.run(ThreadPoolExecutor.java:659)
	at org.apache.tomcat.util.threads.TaskThread$WrappingRunnable.run(TaskThread.java:61)
	at java.lang.Thread.run(Thread.java:748)
2022-11-22 16:31:33.392 [main] INFO  com.zwc.Springboot02Application - Starting Springboot02Application using Java 1.8.0_131 on DESKTOP-TEJ57I6 with PID 20808 (E:\javaprojects\spring-learning\springboot02\target\classes started by ray in E:\javaprojects\spring-learning)
2022-11-22 16:31:33.395 [main] INFO  com.zwc.Springboot02Application - No active profile set, falling back to 1 default profile: "default"
2022-11-22 16:31:33.951 [main] INFO  o.s.boot.web.embedded.tomcat.TomcatWebServer - Tomcat initialized with port(s): 8091 (http)
2022-11-22 16:31:33.955 [main] INFO  org.apache.coyote.http11.Http11NioProtocol - Initializing ProtocolHandler ["http-nio-8091"]
2022-11-22 16:31:33.956 [main] INFO  org.apache.catalina.core.StandardService - Starting service [Tomcat]
2022-11-22 16:31:33.956 [main] INFO  org.apache.catalina.core.StandardEngine - Starting Servlet engine: [Apache Tomcat/9.0.68]
2022-11-22 16:31:34.031 [main] INFO  o.a.c.c.C.[Tomcat].[localhost].[/springboot02] - Initializing Spring embedded WebApplicationContext
2022-11-22 16:31:34.032 [main] INFO  o.s.b.w.s.c.ServletWebServerApplicationContext - Root WebApplicationContext: initialization completed in 612 ms
2022-11-22 16:31:34.379 [main] INFO  org.apache.coyote.http11.Http11NioProtocol - Starting ProtocolHandler ["http-nio-8091"]
2022-11-22 16:31:34.387 [main] INFO  o.s.boot.web.embedded.tomcat.TomcatWebServer - Tomcat started on port(s): 8091 (http) with context path '/springboot02'
2022-11-22 16:31:34.391 [main] INFO  com.zwc.Springboot02Application - Started Springboot02Application in 1.216 seconds (JVM running for 1.676)
2022-11-22 16:31:41.297 [http-nio-8091-exec-1] INFO  o.a.c.c.C.[Tomcat].[localhost].[/springboot02] - Initializing Spring DispatcherServlet 'dispatcherServlet'
2022-11-22 16:31:41.298 [http-nio-8091-exec-1] INFO  org.springframework.web.servlet.DispatcherServlet - Initializing Servlet 'dispatcherServlet'
2022-11-22 16:31:41.298 [http-nio-8091-exec-1] INFO  org.springframework.web.servlet.DispatcherServlet - Completed initialization in 0 ms
2022-11-22 16:31:41.311 [http-nio-8091-exec-1] INFO  com.zaxxer.hikari.HikariDataSource - HikariPool-1 - Starting...
2022-11-22 16:31:41.361 [http-nio-8091-exec-1] INFO  com.zaxxer.hikari.HikariDataSource - HikariPool-1 - Start completed.
2022-11-22 16:31:41.373 [http-nio-8091-exec-1] ERROR o.a.c.c.C.[.[.[/springboot02].[dispatcherServlet] - Servlet.service() for servlet [dispatcherServlet] in context with path [/springboot02] threw exception [Request processing failed; nested exception is org.apache.ibatis.binding.BindingException: Invalid bound statement (not found): com.zwc.mapper.EmpMapper.findAll] with root cause
org.apache.ibatis.binding.BindingException: Invalid bound statement (not found): com.zwc.mapper.EmpMapper.findAll
	at org.apache.ibatis.binding.MapperMethod$SqlCommand.<init>(MapperMethod.java:235)
	at org.apache.ibatis.binding.MapperMethod.<init>(MapperMethod.java:53)
	at org.apache.ibatis.binding.MapperProxy.lambda$cachedInvoker$0(MapperProxy.java:115)
	at java.util.concurrent.ConcurrentHashMap.computeIfAbsent(ConcurrentHashMap.java:1660)
	at org.apache.ibatis.binding.MapperProxy.cachedInvoker(MapperProxy.java:102)
	at org.apache.ibatis.binding.MapperProxy.invoke(MapperProxy.java:85)
	at com.sun.proxy.$Proxy58.findAll(Unknown Source)
	at com.zwc.service.impl.EmpServcieImpl.findAll(EmpServcieImpl.java:24)
	at com.zwc.service.impl.EmpServcieImpl$$FastClassBySpringCGLIB$$9681b821.invoke(<generated>)
	at org.springframework.cglib.proxy.MethodProxy.invoke(MethodProxy.java:218)
	at org.springframework.aop.framework.CglibAopProxy$CglibMethodInvocation.invokeJoinpoint(CglibAopProxy.java:793)
	at org.springframework.aop.framework.ReflectiveMethodInvocation.proceed(ReflectiveMethodInvocation.java:163)
	at org.springframework.aop.framework.CglibAopProxy$CglibMethodInvocation.proceed(CglibAopProxy.java:763)
	at org.springframework.transaction.interceptor.TransactionInterceptor$1.proceedWithInvocation(TransactionInterceptor.java:123)
	at org.springframework.transaction.interceptor.TransactionAspectSupport.invokeWithinTransaction(TransactionAspectSupport.java:388)
	at org.springframework.transaction.interceptor.TransactionInterceptor.invoke(TransactionInterceptor.java:119)
	at org.springframework.aop.framework.ReflectiveMethodInvocation.proceed(ReflectiveMethodInvocation.java:186)
	at org.springframework.aop.framework.CglibAopProxy$CglibMethodInvocation.proceed(CglibAopProxy.java:763)
	at org.springframework.aop.framework.CglibAopProxy$DynamicAdvisedInterceptor.intercept(CglibAopProxy.java:708)
	at com.zwc.service.impl.EmpServcieImpl$$EnhancerBySpringCGLIB$$1878704c.findAll(<generated>)
	at com.zwc.controller.EmpController.findAll(EmpController.java:23)
	at sun.reflect.NativeMethodAccessorImpl.invoke0(Native Method)
	at sun.reflect.NativeMethodAccessorImpl.invoke(NativeMethodAccessorImpl.java:62)
	at sun.reflect.DelegatingMethodAccessorImpl.invoke(DelegatingMethodAccessorImpl.java:43)
	at java.lang.reflect.Method.invoke(Method.java:498)
	at org.springframework.web.method.support.InvocableHandlerMethod.doInvoke(InvocableHandlerMethod.java:205)
	at org.springframework.web.method.support.InvocableHandlerMethod.invokeForRequest(InvocableHandlerMethod.java:150)
	at org.springframework.web.servlet.mvc.method.annotation.ServletInvocableHandlerMethod.invokeAndHandle(ServletInvocableHandlerMethod.java:117)
	at org.springframework.web.servlet.mvc.method.annotation.RequestMappingHandlerAdapter.invokeHandlerMethod(RequestMappingHandlerAdapter.java:895)
	at org.springframework.web.servlet.mvc.method.annotation.RequestMappingHandlerAdapter.handleInternal(RequestMappingHandlerAdapter.java:808)
	at org.springframework.web.servlet.mvc.method.AbstractHandlerMethodAdapter.handle(AbstractHandlerMethodAdapter.java:87)
	at org.springframework.web.servlet.DispatcherServlet.doDispatch(DispatcherServlet.java:1071)
	at org.springframework.web.servlet.DispatcherServlet.doService(DispatcherServlet.java:964)
	at org.springframework.web.servlet.FrameworkServlet.processRequest(FrameworkServlet.java:1006)
	at org.springframework.web.servlet.FrameworkServlet.doGet(FrameworkServlet.java:898)
	at javax.servlet.http.HttpServlet.service(HttpServlet.java:670)
	at org.springframework.web.servlet.FrameworkServlet.service(FrameworkServlet.java:883)
	at javax.servlet.http.HttpServlet.service(HttpServlet.java:779)
	at org.apache.catalina.core.ApplicationFilterChain.internalDoFilter(ApplicationFilterChain.java:227)
	at org.apache.catalina.core.ApplicationFilterChain.doFilter(ApplicationFilterChain.java:162)
	at org.apache.tomcat.websocket.server.WsFilter.doFilter(WsFilter.java:53)
	at org.apache.catalina.core.ApplicationFilterChain.internalDoFilter(ApplicationFilterChain.java:189)
	at org.apache.catalina.core.ApplicationFilterChain.doFilter(ApplicationFilterChain.java:162)
	at org.springframework.web.filter.RequestContextFilter.doFilterInternal(RequestContextFilter.java:100)
	at org.springframework.web.filter.OncePerRequestFilter.doFilter(OncePerRequestFilter.java:117)
	at org.apache.catalina.core.ApplicationFilterChain.internalDoFilter(ApplicationFilterChain.java:189)
	at org.apache.catalina.core.ApplicationFilterChain.doFilter(ApplicationFilterChain.java:162)
	at org.springframework.web.filter.FormContentFilter.doFilterInternal(FormContentFilter.java:93)
	at org.springframework.web.filter.OncePerRequestFilter.doFilter(OncePerRequestFilter.java:117)
	at org.apache.catalina.core.ApplicationFilterChain.internalDoFilter(ApplicationFilterChain.java:189)
	at org.apache.catalina.core.ApplicationFilterChain.doFilter(ApplicationFilterChain.java:162)
	at org.springframework.web.filter.CharacterEncodingFilter.doFilterInternal(CharacterEncodingFilter.java:201)
	at org.springframework.web.filter.OncePerRequestFilter.doFilter(OncePerRequestFilter.java:117)
	at org.apache.catalina.core.ApplicationFilterChain.internalDoFilter(ApplicationFilterChain.java:189)
	at org.apache.catalina.core.ApplicationFilterChain.doFilter(ApplicationFilterChain.java:162)
	at org.apache.catalina.core.StandardWrapperValve.invoke(StandardWrapperValve.java:197)
	at org.apache.catalina.core.StandardContextValve.invoke(StandardContextValve.java:97)
	at org.apache.catalina.authenticator.AuthenticatorBase.invoke(AuthenticatorBase.java:541)
	at org.apache.catalina.core.StandardHostValve.invoke(StandardHostValve.java:135)
	at org.apache.catalina.valves.ErrorReportValve.invoke(ErrorReportValve.java:92)
	at org.apache.catalina.core.StandardEngineValve.invoke(StandardEngineValve.java:78)
	at org.apache.catalina.connector.CoyoteAdapter.service(CoyoteAdapter.java:360)
	at org.apache.coyote.http11.Http11Processor.service(Http11Processor.java:399)
	at org.apache.coyote.AbstractProcessorLight.process(AbstractProcessorLight.java:65)
	at org.apache.coyote.AbstractProtocol$ConnectionHandler.process(AbstractProtocol.java:893)
	at org.apache.tomcat.util.net.NioEndpoint$SocketProcessor.doRun(NioEndpoint.java:1789)
	at org.apache.tomcat.util.net.SocketProcessorBase.run(SocketProcessorBase.java:49)
	at org.apache.tomcat.util.threads.ThreadPoolExecutor.runWorker(ThreadPoolExecutor.java:1191)
	at org.apache.tomcat.util.threads.ThreadPoolExecutor$Worker.run(ThreadPoolExecutor.java:659)
	at org.apache.tomcat.util.threads.TaskThread$WrappingRunnable.run(TaskThread.java:61)
	at java.lang.Thread.run(Thread.java:748)
2022-11-22 16:32:47.667 [main] INFO  com.zwc.Springboot02Application - Starting Springboot02Application using Java 1.8.0_131 on DESKTOP-TEJ57I6 with PID 17960 (E:\javaprojects\spring-learning\springboot02\target\classes started by ray in E:\javaprojects\spring-learning)
2022-11-22 16:32:47.668 [main] INFO  com.zwc.Springboot02Application - No active profile set, falling back to 1 default profile: "default"
2022-11-22 16:32:48.198 [main] INFO  o.s.boot.web.embedded.tomcat.TomcatWebServer - Tomcat initialized with port(s): 8091 (http)
2022-11-22 16:32:48.203 [main] INFO  org.apache.coyote.http11.Http11NioProtocol - Initializing ProtocolHandler ["http-nio-8091"]
2022-11-22 16:32:48.203 [main] INFO  org.apache.catalina.core.StandardService - Starting service [Tomcat]
2022-11-22 16:32:48.203 [main] INFO  org.apache.catalina.core.StandardEngine - Starting Servlet engine: [Apache Tomcat/9.0.68]
2022-11-22 16:32:48.266 [main] INFO  o.a.c.c.C.[Tomcat].[localhost].[/springboot02] - Initializing Spring embedded WebApplicationContext
2022-11-22 16:32:48.266 [main] INFO  o.s.b.w.s.c.ServletWebServerApplicationContext - Root WebApplicationContext: initialization completed in 574 ms
2022-11-22 16:32:48.594 [main] INFO  org.apache.coyote.http11.Http11NioProtocol - Starting ProtocolHandler ["http-nio-8091"]
2022-11-22 16:32:48.603 [main] INFO  o.s.boot.web.embedded.tomcat.TomcatWebServer - Tomcat started on port(s): 8091 (http) with context path '/springboot02'
2022-11-22 16:32:48.610 [main] INFO  com.zwc.Springboot02Application - Started Springboot02Application in 1.132 seconds (JVM running for 1.573)
2022-11-22 16:33:52.754 [http-nio-8091-exec-1] INFO  o.a.c.c.C.[Tomcat].[localhost].[/springboot02] - Initializing Spring DispatcherServlet 'dispatcherServlet'
2022-11-22 16:33:52.754 [http-nio-8091-exec-1] INFO  org.springframework.web.servlet.DispatcherServlet - Initializing Servlet 'dispatcherServlet'
2022-11-22 16:33:52.755 [http-nio-8091-exec-1] INFO  org.springframework.web.servlet.DispatcherServlet - Completed initialization in 1 ms
2022-11-22 16:33:52.768 [http-nio-8091-exec-1] INFO  com.zaxxer.hikari.HikariDataSource - HikariPool-1 - Starting...
2022-11-22 16:33:52.819 [http-nio-8091-exec-1] INFO  com.zaxxer.hikari.HikariDataSource - HikariPool-1 - Start completed.
2022-11-22 16:33:52.831 [http-nio-8091-exec-1] ERROR o.a.c.c.C.[.[.[/springboot02].[dispatcherServlet] - Servlet.service() for servlet [dispatcherServlet] in context with path [/springboot02] threw exception [Request processing failed; nested exception is org.apache.ibatis.binding.BindingException: Invalid bound statement (not found): com.zwc.mapper.EmpMapper.findAll] with root cause
org.apache.ibatis.binding.BindingException: Invalid bound statement (not found): com.zwc.mapper.EmpMapper.findAll
	at org.apache.ibatis.binding.MapperMethod$SqlCommand.<init>(MapperMethod.java:235)
	at org.apache.ibatis.binding.MapperMethod.<init>(MapperMethod.java:53)
	at org.apache.ibatis.binding.MapperProxy.lambda$cachedInvoker$0(MapperProxy.java:115)
	at java.util.concurrent.ConcurrentHashMap.computeIfAbsent(ConcurrentHashMap.java:1660)
	at org.apache.ibatis.binding.MapperProxy.cachedInvoker(MapperProxy.java:102)
	at org.apache.ibatis.binding.MapperProxy.invoke(MapperProxy.java:85)
	at com.sun.proxy.$Proxy58.findAll(Unknown Source)
	at com.zwc.service.impl.EmpServcieImpl.findAll(EmpServcieImpl.java:24)
	at com.zwc.service.impl.EmpServcieImpl$$FastClassBySpringCGLIB$$9681b821.invoke(<generated>)
	at org.springframework.cglib.proxy.MethodProxy.invoke(MethodProxy.java:218)
	at org.springframework.aop.framework.CglibAopProxy$CglibMethodInvocation.invokeJoinpoint(CglibAopProxy.java:793)
	at org.springframework.aop.framework.ReflectiveMethodInvocation.proceed(ReflectiveMethodInvocation.java:163)
	at org.springframework.aop.framework.CglibAopProxy$CglibMethodInvocation.proceed(CglibAopProxy.java:763)
	at org.springframework.transaction.interceptor.TransactionInterceptor$1.proceedWithInvocation(TransactionInterceptor.java:123)
	at org.springframework.transaction.interceptor.TransactionAspectSupport.invokeWithinTransaction(TransactionAspectSupport.java:388)
	at org.springframework.transaction.interceptor.TransactionInterceptor.invoke(TransactionInterceptor.java:119)
	at org.springframework.aop.framework.ReflectiveMethodInvocation.proceed(ReflectiveMethodInvocation.java:186)
	at org.springframework.aop.framework.CglibAopProxy$CglibMethodInvocation.proceed(CglibAopProxy.java:763)
	at org.springframework.aop.framework.CglibAopProxy$DynamicAdvisedInterceptor.intercept(CglibAopProxy.java:708)
	at com.zwc.service.impl.EmpServcieImpl$$EnhancerBySpringCGLIB$$1878704c.findAll(<generated>)
	at com.zwc.controller.EmpController.findAll(EmpController.java:23)
	at sun.reflect.NativeMethodAccessorImpl.invoke0(Native Method)
	at sun.reflect.NativeMethodAccessorImpl.invoke(NativeMethodAccessorImpl.java:62)
	at sun.reflect.DelegatingMethodAccessorImpl.invoke(DelegatingMethodAccessorImpl.java:43)
	at java.lang.reflect.Method.invoke(Method.java:498)
	at org.springframework.web.method.support.InvocableHandlerMethod.doInvoke(InvocableHandlerMethod.java:205)
	at org.springframework.web.method.support.InvocableHandlerMethod.invokeForRequest(InvocableHandlerMethod.java:150)
	at org.springframework.web.servlet.mvc.method.annotation.ServletInvocableHandlerMethod.invokeAndHandle(ServletInvocableHandlerMethod.java:117)
	at org.springframework.web.servlet.mvc.method.annotation.RequestMappingHandlerAdapter.invokeHandlerMethod(RequestMappingHandlerAdapter.java:895)
	at org.springframework.web.servlet.mvc.method.annotation.RequestMappingHandlerAdapter.handleInternal(RequestMappingHandlerAdapter.java:808)
	at org.springframework.web.servlet.mvc.method.AbstractHandlerMethodAdapter.handle(AbstractHandlerMethodAdapter.java:87)
	at org.springframework.web.servlet.DispatcherServlet.doDispatch(DispatcherServlet.java:1071)
	at org.springframework.web.servlet.DispatcherServlet.doService(DispatcherServlet.java:964)
	at org.springframework.web.servlet.FrameworkServlet.processRequest(FrameworkServlet.java:1006)
	at org.springframework.web.servlet.FrameworkServlet.doGet(FrameworkServlet.java:898)
	at javax.servlet.http.HttpServlet.service(HttpServlet.java:670)
	at org.springframework.web.servlet.FrameworkServlet.service(FrameworkServlet.java:883)
	at javax.servlet.http.HttpServlet.service(HttpServlet.java:779)
	at org.apache.catalina.core.ApplicationFilterChain.internalDoFilter(ApplicationFilterChain.java:227)
	at org.apache.catalina.core.ApplicationFilterChain.doFilter(ApplicationFilterChain.java:162)
	at org.apache.tomcat.websocket.server.WsFilter.doFilter(WsFilter.java:53)
	at org.apache.catalina.core.ApplicationFilterChain.internalDoFilter(ApplicationFilterChain.java:189)
	at org.apache.catalina.core.ApplicationFilterChain.doFilter(ApplicationFilterChain.java:162)
	at org.springframework.web.filter.RequestContextFilter.doFilterInternal(RequestContextFilter.java:100)
	at org.springframework.web.filter.OncePerRequestFilter.doFilter(OncePerRequestFilter.java:117)
	at org.apache.catalina.core.ApplicationFilterChain.internalDoFilter(ApplicationFilterChain.java:189)
	at org.apache.catalina.core.ApplicationFilterChain.doFilter(ApplicationFilterChain.java:162)
	at org.springframework.web.filter.FormContentFilter.doFilterInternal(FormContentFilter.java:93)
	at org.springframework.web.filter.OncePerRequestFilter.doFilter(OncePerRequestFilter.java:117)
	at org.apache.catalina.core.ApplicationFilterChain.internalDoFilter(ApplicationFilterChain.java:189)
	at org.apache.catalina.core.ApplicationFilterChain.doFilter(ApplicationFilterChain.java:162)
	at org.springframework.web.filter.CharacterEncodingFilter.doFilterInternal(CharacterEncodingFilter.java:201)
	at org.springframework.web.filter.OncePerRequestFilter.doFilter(OncePerRequestFilter.java:117)
	at org.apache.catalina.core.ApplicationFilterChain.internalDoFilter(ApplicationFilterChain.java:189)
	at org.apache.catalina.core.ApplicationFilterChain.doFilter(ApplicationFilterChain.java:162)
	at org.apache.catalina.core.StandardWrapperValve.invoke(StandardWrapperValve.java:197)
	at org.apache.catalina.core.StandardContextValve.invoke(StandardContextValve.java:97)
	at org.apache.catalina.authenticator.AuthenticatorBase.invoke(AuthenticatorBase.java:541)
	at org.apache.catalina.core.StandardHostValve.invoke(StandardHostValve.java:135)
	at org.apache.catalina.valves.ErrorReportValve.invoke(ErrorReportValve.java:92)
	at org.apache.catalina.core.StandardEngineValve.invoke(StandardEngineValve.java:78)
	at org.apache.catalina.connector.CoyoteAdapter.service(CoyoteAdapter.java:360)
	at org.apache.coyote.http11.Http11Processor.service(Http11Processor.java:399)
	at org.apache.coyote.AbstractProcessorLight.process(AbstractProcessorLight.java:65)
	at org.apache.coyote.AbstractProtocol$ConnectionHandler.process(AbstractProtocol.java:893)
	at org.apache.tomcat.util.net.NioEndpoint$SocketProcessor.doRun(NioEndpoint.java:1789)
	at org.apache.tomcat.util.net.SocketProcessorBase.run(SocketProcessorBase.java:49)
	at org.apache.tomcat.util.threads.ThreadPoolExecutor.runWorker(ThreadPoolExecutor.java:1191)
	at org.apache.tomcat.util.threads.ThreadPoolExecutor$Worker.run(ThreadPoolExecutor.java:659)
	at org.apache.tomcat.util.threads.TaskThread$WrappingRunnable.run(TaskThread.java:61)
	at java.lang.Thread.run(Thread.java:748)
2022-11-22 16:34:38.847 [main] INFO  com.zwc.Springboot02Application - Starting Springboot02Application using Java 1.8.0_131 on DESKTOP-TEJ57I6 with PID 6380 (E:\javaprojects\spring-learning\springboot02\target\classes started by ray in E:\javaprojects\spring-learning)
2022-11-22 16:34:38.848 [main] INFO  com.zwc.Springboot02Application - No active profile set, falling back to 1 default profile: "default"
2022-11-22 16:34:39.380 [main] INFO  o.s.boot.web.embedded.tomcat.TomcatWebServer - Tomcat initialized with port(s): 8091 (http)
2022-11-22 16:34:39.384 [main] INFO  org.apache.coyote.http11.Http11NioProtocol - Initializing ProtocolHandler ["http-nio-8091"]
2022-11-22 16:34:39.385 [main] INFO  org.apache.catalina.core.StandardService - Starting service [Tomcat]
2022-11-22 16:34:39.385 [main] INFO  org.apache.catalina.core.StandardEngine - Starting Servlet engine: [Apache Tomcat/9.0.68]
2022-11-22 16:34:39.451 [main] INFO  o.a.c.c.C.[Tomcat].[localhost].[/springboot02] - Initializing Spring embedded WebApplicationContext
2022-11-22 16:34:39.452 [main] INFO  o.s.b.w.s.c.ServletWebServerApplicationContext - Root WebApplicationContext: initialization completed in 578 ms
2022-11-22 16:34:39.771 [main] INFO  org.apache.coyote.http11.Http11NioProtocol - Starting ProtocolHandler ["http-nio-8091"]
2022-11-22 16:34:39.780 [main] INFO  o.s.boot.web.embedded.tomcat.TomcatWebServer - Tomcat started on port(s): 8091 (http) with context path '/springboot02'
2022-11-22 16:34:39.786 [main] INFO  com.zwc.Springboot02Application - Started Springboot02Application in 1.162 seconds (JVM running for 1.636)
2022-11-22 16:34:45.330 [http-nio-8091-exec-2] INFO  o.a.c.c.C.[Tomcat].[localhost].[/springboot02] - Initializing Spring DispatcherServlet 'dispatcherServlet'
2022-11-22 16:34:45.330 [http-nio-8091-exec-2] INFO  org.springframework.web.servlet.DispatcherServlet - Initializing Servlet 'dispatcherServlet'
2022-11-22 16:34:45.330 [http-nio-8091-exec-2] INFO  org.springframework.web.servlet.DispatcherServlet - Completed initialization in 0 ms
2022-11-22 16:34:45.343 [http-nio-8091-exec-2] INFO  com.zaxxer.hikari.HikariDataSource - HikariPool-1 - Starting...
2022-11-22 16:34:45.393 [http-nio-8091-exec-2] INFO  com.zaxxer.hikari.HikariDataSource - HikariPool-1 - Start completed.
2022-11-22 16:34:45.407 [http-nio-8091-exec-2] DEBUG com.zwc.mapper.EmpMapper.findAll - ==>  Preparing: select * from emp
2022-11-22 16:34:45.416 [http-nio-8091-exec-2] DEBUG com.zwc.mapper.EmpMapper.findAll - ==> Parameters: 
2022-11-22 16:34:45.448 [http-nio-8091-exec-2] DEBUG com.zwc.mapper.EmpMapper.findAll - <==      Total: 14
