2022-11-23 13:09:41.799 [main] INFO  com.zwc.Springboot02Application - Starting Springboot02Application using Java 1.8.0_131 on DESKTOP-TEJ57I6 with PID 37136 (E:\javaprojects\spring-learning\springboot02\target\classes started by ray in E:\javaprojects\spring-learning)
2022-11-23 13:09:41.800 [main] INFO  com.zwc.Springboot02Application - No active profile set, falling back to 1 default profile: "default"
2022-11-23 13:09:42.389 [main] INFO  o.s.boot.web.embedded.tomcat.TomcatWebServer - Tomcat initialized with port(s): 8091 (http)
2022-11-23 13:09:42.394 [main] INFO  org.apache.coyote.http11.Http11NioProtocol - Initializing ProtocolHandler ["http-nio-8091"]
2022-11-23 13:09:42.394 [main] INFO  org.apache.catalina.core.StandardService - Starting service [Tomcat]
2022-11-23 13:09:42.406 [main] INFO  org.apache.catalina.core.StandardEngine - Starting Servlet engine: [Apache Tomcat/9.0.68]
2022-11-23 13:09:42.462 [main] INFO  o.a.c.c.C.[Tomcat].[localhost].[/springboot02] - Initializing Spring embedded WebApplicationContext
2022-11-23 13:09:42.462 [main] INFO  o.s.b.w.s.c.ServletWebServerApplicationContext - Root WebApplicationContext: initialization completed in 634 ms
2022-11-23 13:09:42.512 [main] INFO  c.a.d.s.b.a.DruidDataSourceAutoConfigure - Init DruidDataSource
2022-11-23 13:09:42.568 [main] INFO  com.alibaba.druid.pool.DruidDataSource - {dataSource-1} inited
2022-11-23 13:09:42.805 [main] WARN  o.s.b.w.s.c.AnnotationConfigServletWebServerApplicationContext - Exception encountered during context initialization - cancelling refresh attempt: org.springframework.beans.factory.BeanCreationException: Error creating bean with name 'com.github.pagehelper.autoconfigure.PageHelperAutoConfiguration': Invocation of init method failed; nested exception is org.springframework.beans.factory.BeanCurrentlyInCreationException: Error creating bean with name 'com.github.pagehelper.autoconfigure.PageHelperAutoConfiguration': Requested bean is currently in creation: Is there an unresolvable circular reference?
2022-11-23 13:09:42.806 [main] INFO  com.alibaba.druid.pool.DruidDataSource - {dataSource-1} closed
2022-11-23 13:09:42.807 [main] INFO  org.apache.catalina.core.StandardService - Stopping service [Tomcat]
2022-11-23 13:09:42.813 [main] INFO  o.s.b.a.l.ConditionEvaluationReportLoggingListener - 

Error starting ApplicationContext. To display the conditions report re-run your application with 'debug' enabled.
2022-11-23 13:09:42.820 [main] ERROR o.s.b.diagnostics.LoggingFailureAnalysisReporter - 

***************************
APPLICATION FAILED TO START
***************************

Description:

The dependencies of some of the beans in the application context form a cycle:

┌──->──┐
|  com.github.pagehelper.autoconfigure.PageHelperAutoConfiguration
└──<-──┘


Action:

Relying upon circular references is discouraged and they are prohibited by default. Update your application to remove the dependency cycle between beans. As a last resort, it may be possible to break the cycle automatically by setting spring.main.allow-circular-references to true.

2022-11-23 13:10:23.952 [main] INFO  com.zwc.Springboot02Application - Starting Springboot02Application using Java 1.8.0_131 on DESKTOP-TEJ57I6 with PID 43284 (E:\javaprojects\spring-learning\springboot02\target\classes started by ray in E:\javaprojects\spring-learning)
2022-11-23 13:10:23.954 [main] INFO  com.zwc.Springboot02Application - No active profile set, falling back to 1 default profile: "default"
2022-11-23 13:10:24.487 [main] INFO  o.s.boot.web.embedded.tomcat.TomcatWebServer - Tomcat initialized with port(s): 8091 (http)
2022-11-23 13:10:24.491 [main] INFO  org.apache.coyote.http11.Http11NioProtocol - Initializing ProtocolHandler ["http-nio-8091"]
2022-11-23 13:10:24.491 [main] INFO  org.apache.catalina.core.StandardService - Starting service [Tomcat]
2022-11-23 13:10:24.491 [main] INFO  org.apache.catalina.core.StandardEngine - Starting Servlet engine: [Apache Tomcat/9.0.68]
2022-11-23 13:10:24.549 [main] INFO  o.a.c.c.C.[Tomcat].[localhost].[/springboot02] - Initializing Spring embedded WebApplicationContext
2022-11-23 13:10:24.549 [main] INFO  o.s.b.w.s.c.ServletWebServerApplicationContext - Root WebApplicationContext: initialization completed in 567 ms
2022-11-23 13:10:24.599 [main] INFO  c.a.d.s.b.a.DruidDataSourceAutoConfigure - Init DruidDataSource
2022-11-23 13:10:24.655 [main] INFO  com.alibaba.druid.pool.DruidDataSource - {dataSource-1} inited
2022-11-23 13:10:24.942 [main] INFO  org.apache.coyote.http11.Http11NioProtocol - Starting ProtocolHandler ["http-nio-8091"]
2022-11-23 13:10:24.950 [main] INFO  o.s.boot.web.embedded.tomcat.TomcatWebServer - Tomcat started on port(s): 8091 (http) with context path '/springboot02'
2022-11-23 13:10:24.955 [main] INFO  com.zwc.Springboot02Application - Started Springboot02Application in 1.246 seconds (JVM running for 1.686)
2022-11-23 13:12:06.368 [http-nio-8091-exec-3] INFO  o.a.c.c.C.[Tomcat].[localhost].[/springboot02] - Initializing Spring DispatcherServlet 'dispatcherServlet'
2022-11-23 13:12:06.368 [http-nio-8091-exec-3] INFO  org.springframework.web.servlet.DispatcherServlet - Initializing Servlet 'dispatcherServlet'
2022-11-23 13:12:06.369 [http-nio-8091-exec-3] INFO  org.springframework.web.servlet.DispatcherServlet - Completed initialization in 1 ms
2022-11-23 13:12:06.440 [http-nio-8091-exec-3] DEBUG com.zwc.mapper.EmpMapper.findAll - ==>  Preparing: select * from emp
2022-11-23 13:12:06.452 [http-nio-8091-exec-3] DEBUG com.zwc.mapper.EmpMapper.findAll - ==> Parameters: 
2022-11-23 13:12:06.463 [http-nio-8091-exec-3] DEBUG com.zwc.mapper.EmpMapper.findAll - <==      Total: 14
2022-11-23 13:12:45.498 [http-nio-8091-exec-5] DEBUG com.zwc.mapper.EmpMapper.findAll_COUNT - ==>  Preparing: SELECT count(0) FROM emp
2022-11-23 13:12:45.498 [http-nio-8091-exec-5] DEBUG com.zwc.mapper.EmpMapper.findAll_COUNT - ==> Parameters: 
2022-11-23 13:12:45.500 [http-nio-8091-exec-5] DEBUG com.zwc.mapper.EmpMapper.findAll_COUNT - <==      Total: 1
2022-11-23 13:12:45.501 [http-nio-8091-exec-5] DEBUG com.zwc.mapper.EmpMapper.findAll - ==>  Preparing: select * from emp LIMIT ?, ?
2022-11-23 13:12:45.502 [http-nio-8091-exec-5] DEBUG com.zwc.mapper.EmpMapper.findAll - ==> Parameters: 4(Integer), 4(Integer)
2022-11-23 13:12:45.503 [http-nio-8091-exec-5] DEBUG com.zwc.mapper.EmpMapper.findAll - <==      Total: 4
2022-11-23 13:13:05.593 [http-nio-8091-exec-9] DEBUG com.zwc.mapper.EmpMapper.findAll_COUNT - ==>  Preparing: SELECT count(0) FROM emp
2022-11-23 13:13:05.593 [http-nio-8091-exec-9] DEBUG com.zwc.mapper.EmpMapper.findAll_COUNT - ==> Parameters: 
2022-11-23 13:13:05.594 [http-nio-8091-exec-9] DEBUG com.zwc.mapper.EmpMapper.findAll_COUNT - <==      Total: 1
2022-11-23 13:13:05.595 [http-nio-8091-exec-9] DEBUG com.zwc.mapper.EmpMapper.findAll - ==>  Preparing: select * from emp LIMIT ?, ?
2022-11-23 13:13:05.595 [http-nio-8091-exec-9] DEBUG com.zwc.mapper.EmpMapper.findAll - ==> Parameters: 4(Integer), 4(Integer)
2022-11-23 13:13:05.596 [http-nio-8091-exec-9] DEBUG com.zwc.mapper.EmpMapper.findAll - <==      Total: 4
2022-11-23 15:44:04.304 [main] INFO  com.zwc.SpringbootthymeleafApplication - Starting SpringbootthymeleafApplication using Java 1.8.0_131 on DESKTOP-TEJ57I6 with PID 44056 (E:\javaprojects\spring-learning\springbootthymeleaf\target\classes started by ray in E:\javaprojects\spring-learning)
2022-11-23 15:44:04.306 [main] INFO  com.zwc.SpringbootthymeleafApplication - No active profile set, falling back to 1 default profile: "default"
2022-11-23 15:44:04.700 [main] WARN  org.mybatis.spring.mapper.ClassPathMapperScanner - No MyBatis mapper was found in '[com.zwc]' package. Please check your configuration.
2022-11-23 15:44:04.866 [main] INFO  o.s.boot.web.embedded.tomcat.TomcatWebServer - Tomcat initialized with port(s): 8091 (http)
2022-11-23 15:44:04.871 [main] INFO  org.apache.coyote.http11.Http11NioProtocol - Initializing ProtocolHandler ["http-nio-8091"]
2022-11-23 15:44:04.871 [main] INFO  org.apache.catalina.core.StandardService - Starting service [Tomcat]
2022-11-23 15:44:04.872 [main] INFO  org.apache.catalina.core.StandardEngine - Starting Servlet engine: [Apache Tomcat/9.0.68]
2022-11-23 15:44:04.965 [main] INFO  o.a.c.c.C.[Tomcat].[localhost].[/springboot03] - Initializing Spring embedded WebApplicationContext
2022-11-23 15:44:04.965 [main] INFO  o.s.b.w.s.c.ServletWebServerApplicationContext - Root WebApplicationContext: initialization completed in 622 ms
2022-11-23 15:44:05.089 [main] INFO  o.s.b.a.web.servlet.WelcomePageHandlerMapping - Adding welcome page template: index
2022-11-23 15:44:05.161 [main] INFO  c.a.d.s.b.a.DruidDataSourceAutoConfigure - Init DruidDataSource
2022-11-23 15:44:05.227 [main] INFO  com.alibaba.druid.pool.DruidDataSource - {dataSource-1} inited
2022-11-23 15:44:05.311 [main] INFO  org.apache.coyote.http11.Http11NioProtocol - Starting ProtocolHandler ["http-nio-8091"]
2022-11-23 15:44:05.319 [main] INFO  o.s.boot.web.embedded.tomcat.TomcatWebServer - Tomcat started on port(s): 8091 (http) with context path '/springboot03'
2022-11-23 15:44:05.325 [main] INFO  com.zwc.SpringbootthymeleafApplication - Started SpringbootthymeleafApplication in 1.333 seconds (JVM running for 1.9)
2022-11-23 15:44:25.682 [main] INFO  com.zwc.SpringbootthymeleafApplication - Starting SpringbootthymeleafApplication using Java 1.8.0_131 on DESKTOP-TEJ57I6 with PID 43400 (E:\javaprojects\spring-learning\springbootthymeleaf\target\classes started by ray in E:\javaprojects\spring-learning)
2022-11-23 15:44:25.683 [main] INFO  com.zwc.SpringbootthymeleafApplication - No active profile set, falling back to 1 default profile: "default"
2022-11-23 15:44:26.136 [main] WARN  org.mybatis.spring.mapper.ClassPathMapperScanner - No MyBatis mapper was found in '[com.zwc]' package. Please check your configuration.
2022-11-23 15:44:26.305 [main] INFO  o.s.boot.web.embedded.tomcat.TomcatWebServer - Tomcat initialized with port(s): 8888 (http)
2022-11-23 15:44:26.309 [main] INFO  org.apache.coyote.http11.Http11NioProtocol - Initializing ProtocolHandler ["http-nio-8888"]
2022-11-23 15:44:26.309 [main] INFO  org.apache.catalina.core.StandardService - Starting service [Tomcat]
2022-11-23 15:44:26.309 [main] INFO  org.apache.catalina.core.StandardEngine - Starting Servlet engine: [Apache Tomcat/9.0.68]
2022-11-23 15:44:26.378 [main] INFO  o.a.c.c.C.[Tomcat].[localhost].[/springboot03] - Initializing Spring embedded WebApplicationContext
2022-11-23 15:44:26.378 [main] INFO  o.s.b.w.s.c.ServletWebServerApplicationContext - Root WebApplicationContext: initialization completed in 667 ms
2022-11-23 15:44:26.495 [main] INFO  o.s.b.a.web.servlet.WelcomePageHandlerMapping - Adding welcome page template: index
2022-11-23 15:44:26.568 [main] INFO  c.a.d.s.b.a.DruidDataSourceAutoConfigure - Init DruidDataSource
2022-11-23 15:44:26.648 [main] INFO  com.alibaba.druid.pool.DruidDataSource - {dataSource-1} inited
2022-11-23 15:44:26.735 [main] INFO  org.apache.coyote.http11.Http11NioProtocol - Starting ProtocolHandler ["http-nio-8888"]
2022-11-23 15:44:26.738 [main] WARN  o.s.b.w.s.c.AnnotationConfigServletWebServerApplicationContext - Exception encountered during context initialization - cancelling refresh attempt: org.springframework.context.ApplicationContextException: Failed to start bean 'webServerStartStop'; nested exception is org.springframework.boot.web.server.PortInUseException: Port 8888 is already in use
2022-11-23 15:44:26.739 [main] INFO  com.alibaba.druid.pool.DruidDataSource - {dataSource-1} closed
2022-11-23 15:44:26.740 [main] INFO  org.apache.coyote.http11.Http11NioProtocol - Pausing ProtocolHandler ["http-nio-8888"]
2022-11-23 15:44:26.740 [main] INFO  org.apache.catalina.core.StandardService - Stopping service [Tomcat]
2022-11-23 15:44:26.742 [main] INFO  org.apache.coyote.http11.Http11NioProtocol - Stopping ProtocolHandler ["http-nio-8888"]
2022-11-23 15:44:26.742 [main] INFO  org.apache.coyote.http11.Http11NioProtocol - Destroying ProtocolHandler ["http-nio-8888"]
2022-11-23 15:44:26.746 [main] INFO  o.s.b.a.l.ConditionEvaluationReportLoggingListener - 

Error starting ApplicationContext. To display the conditions report re-run your application with 'debug' enabled.
2022-11-23 15:44:26.756 [main] ERROR o.s.b.diagnostics.LoggingFailureAnalysisReporter - 

***************************
APPLICATION FAILED TO START
***************************

Description:

Web server failed to start. Port 8888 was already in use.

Action:

Identify and stop the process that's listening on port 8888 or configure this application to listen on another port.

2022-11-23 15:44:31.113 [main] INFO  com.zwc.SpringbootthymeleafApplication - Starting SpringbootthymeleafApplication using Java 1.8.0_131 on DESKTOP-TEJ57I6 with PID 42352 (E:\javaprojects\spring-learning\springbootthymeleaf\target\classes started by ray in E:\javaprojects\spring-learning)
2022-11-23 15:44:31.114 [main] INFO  com.zwc.SpringbootthymeleafApplication - No active profile set, falling back to 1 default profile: "default"
2022-11-23 15:44:31.596 [main] WARN  org.mybatis.spring.mapper.ClassPathMapperScanner - No MyBatis mapper was found in '[com.zwc]' package. Please check your configuration.
2022-11-23 15:44:31.794 [main] INFO  o.s.boot.web.embedded.tomcat.TomcatWebServer - Tomcat initialized with port(s): 8888 (http)
2022-11-23 15:44:31.800 [main] INFO  org.apache.coyote.http11.Http11NioProtocol - Initializing ProtocolHandler ["http-nio-8888"]
2022-11-23 15:44:31.801 [main] INFO  org.apache.catalina.core.StandardService - Starting service [Tomcat]
2022-11-23 15:44:31.801 [main] INFO  org.apache.catalina.core.StandardEngine - Starting Servlet engine: [Apache Tomcat/9.0.68]
2022-11-23 15:44:31.878 [main] INFO  o.a.c.c.C.[Tomcat].[localhost].[/springboot03] - Initializing Spring embedded WebApplicationContext
2022-11-23 15:44:31.878 [main] INFO  o.s.b.w.s.c.ServletWebServerApplicationContext - Root WebApplicationContext: initialization completed in 735 ms
2022-11-23 15:44:32.011 [main] INFO  o.s.b.a.web.servlet.WelcomePageHandlerMapping - Adding welcome page template: index
2022-11-23 15:44:32.091 [main] INFO  c.a.d.s.b.a.DruidDataSourceAutoConfigure - Init DruidDataSource
2022-11-23 15:44:32.166 [main] INFO  com.alibaba.druid.pool.DruidDataSource - {dataSource-1} inited
2022-11-23 15:44:32.255 [main] INFO  org.apache.coyote.http11.Http11NioProtocol - Starting ProtocolHandler ["http-nio-8888"]
2022-11-23 15:44:32.257 [main] WARN  o.s.b.w.s.c.AnnotationConfigServletWebServerApplicationContext - Exception encountered during context initialization - cancelling refresh attempt: org.springframework.context.ApplicationContextException: Failed to start bean 'webServerStartStop'; nested exception is org.springframework.boot.web.server.PortInUseException: Port 8888 is already in use
2022-11-23 15:44:32.258 [main] INFO  com.alibaba.druid.pool.DruidDataSource - {dataSource-1} closed
2022-11-23 15:44:32.260 [main] INFO  org.apache.coyote.http11.Http11NioProtocol - Pausing ProtocolHandler ["http-nio-8888"]
2022-11-23 15:44:32.260 [main] INFO  org.apache.catalina.core.StandardService - Stopping service [Tomcat]
2022-11-23 15:44:32.262 [main] INFO  org.apache.coyote.http11.Http11NioProtocol - Stopping ProtocolHandler ["http-nio-8888"]
2022-11-23 15:44:32.262 [main] INFO  org.apache.coyote.http11.Http11NioProtocol - Destroying ProtocolHandler ["http-nio-8888"]
2022-11-23 15:44:32.266 [main] INFO  o.s.b.a.l.ConditionEvaluationReportLoggingListener - 

Error starting ApplicationContext. To display the conditions report re-run your application with 'debug' enabled.
2022-11-23 15:44:32.277 [main] ERROR o.s.b.diagnostics.LoggingFailureAnalysisReporter - 

***************************
APPLICATION FAILED TO START
***************************

Description:

Web server failed to start. Port 8888 was already in use.

Action:

Identify and stop the process that's listening on port 8888 or configure this application to listen on another port.

2022-11-23 15:44:50.052 [main] INFO  com.zwc.SpringbootthymeleafApplication - Starting SpringbootthymeleafApplication using Java 1.8.0_131 on DESKTOP-TEJ57I6 with PID 38004 (E:\javaprojects\spring-learning\springbootthymeleaf\target\classes started by ray in E:\javaprojects\spring-learning)
2022-11-23 15:44:50.055 [main] INFO  com.zwc.SpringbootthymeleafApplication - No active profile set, falling back to 1 default profile: "default"
2022-11-23 15:44:50.462 [main] WARN  org.mybatis.spring.mapper.ClassPathMapperScanner - No MyBatis mapper was found in '[com.zwc]' package. Please check your configuration.
2022-11-23 15:44:50.644 [main] INFO  o.s.boot.web.embedded.tomcat.TomcatWebServer - Tomcat initialized with port(s): 8088 (http)
2022-11-23 15:44:50.650 [main] INFO  org.apache.coyote.http11.Http11NioProtocol - Initializing ProtocolHandler ["http-nio-8088"]
2022-11-23 15:44:50.650 [main] INFO  org.apache.catalina.core.StandardService - Starting service [Tomcat]
2022-11-23 15:44:50.650 [main] INFO  org.apache.catalina.core.StandardEngine - Starting Servlet engine: [Apache Tomcat/9.0.68]
2022-11-23 15:44:50.719 [main] INFO  o.a.c.c.C.[Tomcat].[localhost].[/springboot03] - Initializing Spring embedded WebApplicationContext
2022-11-23 15:44:50.719 [main] INFO  o.s.b.w.s.c.ServletWebServerApplicationContext - Root WebApplicationContext: initialization completed in 635 ms
2022-11-23 15:44:50.841 [main] INFO  o.s.b.a.web.servlet.WelcomePageHandlerMapping - Adding welcome page template: index
2022-11-23 15:44:50.916 [main] INFO  c.a.d.s.b.a.DruidDataSourceAutoConfigure - Init DruidDataSource
2022-11-23 15:44:50.987 [main] INFO  com.alibaba.druid.pool.DruidDataSource - {dataSource-1} inited
2022-11-23 15:44:51.073 [main] INFO  org.apache.coyote.http11.Http11NioProtocol - Starting ProtocolHandler ["http-nio-8088"]
2022-11-23 15:44:51.082 [main] INFO  o.s.boot.web.embedded.tomcat.TomcatWebServer - Tomcat started on port(s): 8088 (http) with context path '/springboot03'
2022-11-23 15:44:51.088 [main] INFO  com.zwc.SpringbootthymeleafApplication - Started SpringbootthymeleafApplication in 1.273 seconds (JVM running for 1.713)
2022-11-23 15:45:20.826 [http-nio-8088-exec-1] INFO  o.a.c.c.C.[Tomcat].[localhost].[/springboot03] - Initializing Spring DispatcherServlet 'dispatcherServlet'
2022-11-23 15:45:20.826 [http-nio-8088-exec-1] INFO  org.springframework.web.servlet.DispatcherServlet - Initializing Servlet 'dispatcherServlet'
2022-11-23 15:45:20.827 [http-nio-8088-exec-1] INFO  org.springframework.web.servlet.DispatcherServlet - Completed initialization in 1 ms
2022-11-23 15:49:57.484 [main] INFO  com.zwc.SpringbootthymeleafApplication - Starting SpringbootthymeleafApplication using Java 1.8.0_131 on DESKTOP-TEJ57I6 with PID 36320 (E:\javaprojects\spring-learning\springbootthymeleaf\target\classes started by ray in E:\javaprojects\spring-learning)
2022-11-23 15:49:57.486 [main] INFO  com.zwc.SpringbootthymeleafApplication - No active profile set, falling back to 1 default profile: "default"
2022-11-23 15:49:57.930 [main] WARN  org.mybatis.spring.mapper.ClassPathMapperScanner - No MyBatis mapper was found in '[com.zwc]' package. Please check your configuration.
2022-11-23 15:49:58.114 [main] INFO  o.s.boot.web.embedded.tomcat.TomcatWebServer - Tomcat initialized with port(s): 8088 (http)
2022-11-23 15:49:58.118 [main] INFO  org.apache.coyote.http11.Http11NioProtocol - Initializing ProtocolHandler ["http-nio-8088"]
2022-11-23 15:49:58.118 [main] INFO  org.apache.catalina.core.StandardService - Starting service [Tomcat]
2022-11-23 15:49:58.119 [main] INFO  org.apache.catalina.core.StandardEngine - Starting Servlet engine: [Apache Tomcat/9.0.68]
2022-11-23 15:49:58.195 [main] INFO  o.a.c.c.C.[Tomcat].[localhost].[/springboot03] - Initializing Spring embedded WebApplicationContext
2022-11-23 15:49:58.195 [main] INFO  o.s.b.w.s.c.ServletWebServerApplicationContext - Root WebApplicationContext: initialization completed in 673 ms
2022-11-23 15:49:58.308 [main] INFO  o.s.b.a.web.servlet.WelcomePageHandlerMapping - Adding welcome page template: index
2022-11-23 15:49:58.392 [main] INFO  c.a.d.s.b.a.DruidDataSourceAutoConfigure - Init DruidDataSource
2022-11-23 15:49:58.467 [main] INFO  com.alibaba.druid.pool.DruidDataSource - {dataSource-1} inited
2022-11-23 15:49:58.556 [main] INFO  org.apache.coyote.http11.Http11NioProtocol - Starting ProtocolHandler ["http-nio-8088"]
2022-11-23 15:49:58.565 [main] INFO  o.s.boot.web.embedded.tomcat.TomcatWebServer - Tomcat started on port(s): 8088 (http) with context path '/springboot03'
2022-11-23 15:49:58.571 [main] INFO  com.zwc.SpringbootthymeleafApplication - Started SpringbootthymeleafApplication in 1.323 seconds (JVM running for 1.765)
2022-11-23 15:50:03.164 [http-nio-8088-exec-1] INFO  o.a.c.c.C.[Tomcat].[localhost].[/springboot03] - Initializing Spring DispatcherServlet 'dispatcherServlet'
2022-11-23 15:50:03.164 [http-nio-8088-exec-1] INFO  org.springframework.web.servlet.DispatcherServlet - Initializing Servlet 'dispatcherServlet'
2022-11-23 15:50:03.165 [http-nio-8088-exec-1] INFO  org.springframework.web.servlet.DispatcherServlet - Completed initialization in 1 ms
2022-11-23 15:51:41.255 [main] INFO  com.zwc.SpringbootthymeleafApplication - Starting SpringbootthymeleafApplication using Java 1.8.0_131 on DESKTOP-TEJ57I6 with PID 42700 (E:\javaprojects\spring-learning\springbootthymeleaf\target\classes started by ray in E:\javaprojects\spring-learning)
2022-11-23 15:51:41.256 [main] INFO  com.zwc.SpringbootthymeleafApplication - No active profile set, falling back to 1 default profile: "default"
2022-11-23 15:51:41.652 [main] WARN  org.mybatis.spring.mapper.ClassPathMapperScanner - No MyBatis mapper was found in '[com.zwc]' package. Please check your configuration.
2022-11-23 15:51:41.820 [main] INFO  o.s.boot.web.embedded.tomcat.TomcatWebServer - Tomcat initialized with port(s): 8088 (http)
2022-11-23 15:51:41.825 [main] INFO  org.apache.coyote.http11.Http11NioProtocol - Initializing ProtocolHandler ["http-nio-8088"]
2022-11-23 15:51:41.825 [main] INFO  org.apache.catalina.core.StandardService - Starting service [Tomcat]
2022-11-23 15:51:41.825 [main] INFO  org.apache.catalina.core.StandardEngine - Starting Servlet engine: [Apache Tomcat/9.0.68]
2022-11-23 15:51:41.883 [main] INFO  o.a.c.c.C.[Tomcat].[localhost].[/springboot03] - Initializing Spring embedded WebApplicationContext
2022-11-23 15:51:41.883 [main] INFO  o.s.b.w.s.c.ServletWebServerApplicationContext - Root WebApplicationContext: initialization completed in 601 ms
2022-11-23 15:51:41.995 [main] INFO  o.s.b.a.web.servlet.WelcomePageHandlerMapping - Adding welcome page template: index
2022-11-23 15:51:42.066 [main] INFO  c.a.d.s.b.a.DruidDataSourceAutoConfigure - Init DruidDataSource
2022-11-23 15:51:42.134 [main] INFO  com.alibaba.druid.pool.DruidDataSource - {dataSource-1} inited
2022-11-23 15:51:42.220 [main] INFO  org.apache.coyote.http11.Http11NioProtocol - Starting ProtocolHandler ["http-nio-8088"]
2022-11-23 15:51:42.230 [main] INFO  o.s.boot.web.embedded.tomcat.TomcatWebServer - Tomcat started on port(s): 8088 (http) with context path '/springboot03'
2022-11-23 15:51:42.237 [main] INFO  com.zwc.SpringbootthymeleafApplication - Started SpringbootthymeleafApplication in 1.209 seconds (JVM running for 1.674)
2022-11-23 15:51:56.080 [http-nio-8088-exec-1] INFO  o.a.c.c.C.[Tomcat].[localhost].[/springboot03] - Initializing Spring DispatcherServlet 'dispatcherServlet'
2022-11-23 15:51:56.080 [http-nio-8088-exec-1] INFO  org.springframework.web.servlet.DispatcherServlet - Initializing Servlet 'dispatcherServlet'
2022-11-23 15:51:56.080 [http-nio-8088-exec-1] INFO  org.springframework.web.servlet.DispatcherServlet - Completed initialization in 0 ms
2022-11-23 15:56:02.288 [main] INFO  com.zwc.SpringbootthymeleafApplication - Starting SpringbootthymeleafApplication using Java 1.8.0_131 on DESKTOP-TEJ57I6 with PID 12896 (E:\javaprojects\spring-learning\springbootthymeleaf\target\classes started by ray in E:\javaprojects\spring-learning)
2022-11-23 15:56:02.290 [main] INFO  com.zwc.SpringbootthymeleafApplication - No active profile set, falling back to 1 default profile: "default"
2022-11-23 15:56:02.672 [main] WARN  org.mybatis.spring.mapper.ClassPathMapperScanner - No MyBatis mapper was found in '[com.zwc]' package. Please check your configuration.
2022-11-23 15:56:02.863 [main] INFO  o.s.boot.web.embedded.tomcat.TomcatWebServer - Tomcat initialized with port(s): 8088 (http)
2022-11-23 15:56:02.869 [main] INFO  org.apache.coyote.http11.Http11NioProtocol - Initializing ProtocolHandler ["http-nio-8088"]
2022-11-23 15:56:02.870 [main] INFO  org.apache.catalina.core.StandardService - Starting service [Tomcat]
2022-11-23 15:56:02.870 [main] INFO  org.apache.catalina.core.StandardEngine - Starting Servlet engine: [Apache Tomcat/9.0.68]
2022-11-23 15:56:02.938 [main] INFO  o.a.c.c.C.[Tomcat].[localhost].[/springboot03] - Initializing Spring embedded WebApplicationContext
2022-11-23 15:56:02.938 [main] INFO  o.s.b.w.s.c.ServletWebServerApplicationContext - Root WebApplicationContext: initialization completed in 621 ms
2022-11-23 15:56:03.051 [main] INFO  o.s.b.a.web.servlet.WelcomePageHandlerMapping - Adding welcome page template: index
2022-11-23 15:56:03.122 [main] INFO  c.a.d.s.b.a.DruidDataSourceAutoConfigure - Init DruidDataSource
2022-11-23 15:56:03.187 [main] INFO  com.alibaba.druid.pool.DruidDataSource - {dataSource-1} inited
2022-11-23 15:56:03.274 [main] INFO  org.apache.coyote.http11.Http11NioProtocol - Starting ProtocolHandler ["http-nio-8088"]
2022-11-23 15:56:03.282 [main] INFO  o.s.boot.web.embedded.tomcat.TomcatWebServer - Tomcat started on port(s): 8088 (http) with context path '/springboot03'
2022-11-23 15:56:03.288 [main] INFO  com.zwc.SpringbootthymeleafApplication - Started SpringbootthymeleafApplication in 1.254 seconds (JVM running for 1.712)
2022-11-23 15:56:06.806 [http-nio-8088-exec-3] INFO  o.a.c.c.C.[Tomcat].[localhost].[/springboot03] - Initializing Spring DispatcherServlet 'dispatcherServlet'
2022-11-23 15:56:06.806 [http-nio-8088-exec-3] INFO  org.springframework.web.servlet.DispatcherServlet - Initializing Servlet 'dispatcherServlet'
2022-11-23 15:56:06.807 [http-nio-8088-exec-3] INFO  org.springframework.web.servlet.DispatcherServlet - Completed initialization in 1 ms
2022-11-23 16:05:59.281 [main] INFO  com.zwc.SpringbootthymeleafApplication - Starting SpringbootthymeleafApplication using Java 1.8.0_131 on DESKTOP-TEJ57I6 with PID 41360 (E:\javaprojects\spring-learning\springbootthymeleaf\target\classes started by ray in E:\javaprojects\spring-learning)
2022-11-23 16:05:59.283 [main] INFO  com.zwc.SpringbootthymeleafApplication - No active profile set, falling back to 1 default profile: "default"
2022-11-23 16:05:59.820 [main] INFO  o.s.boot.web.embedded.tomcat.TomcatWebServer - Tomcat initialized with port(s): 8088 (http)
2022-11-23 16:05:59.824 [main] INFO  org.apache.coyote.http11.Http11NioProtocol - Initializing ProtocolHandler ["http-nio-8088"]
2022-11-23 16:05:59.824 [main] INFO  org.apache.catalina.core.StandardService - Starting service [Tomcat]
2022-11-23 16:05:59.824 [main] INFO  org.apache.catalina.core.StandardEngine - Starting Servlet engine: [Apache Tomcat/9.0.68]
2022-11-23 16:05:59.881 [main] INFO  o.a.c.c.C.[Tomcat].[localhost].[/springboot03] - Initializing Spring embedded WebApplicationContext
2022-11-23 16:05:59.881 [main] INFO  o.s.b.w.s.c.ServletWebServerApplicationContext - Root WebApplicationContext: initialization completed in 575 ms
2022-11-23 16:05:59.932 [main] INFO  c.a.d.s.b.a.DruidDataSourceAutoConfigure - Init DruidDataSource
2022-11-23 16:05:59.986 [main] INFO  com.alibaba.druid.pool.DruidDataSource - {dataSource-1} inited
2022-11-23 16:06:00.157 [main] INFO  o.s.b.a.web.servlet.WelcomePageHandlerMapping - Adding welcome page template: index
2022-11-23 16:06:00.255 [main] INFO  org.apache.coyote.http11.Http11NioProtocol - Starting ProtocolHandler ["http-nio-8088"]
2022-11-23 16:06:00.264 [main] INFO  o.s.boot.web.embedded.tomcat.TomcatWebServer - Tomcat started on port(s): 8088 (http) with context path '/springboot03'
2022-11-23 16:06:00.270 [main] INFO  com.zwc.SpringbootthymeleafApplication - Started SpringbootthymeleafApplication in 1.269 seconds (JVM running for 1.797)
2022-11-23 16:06:14.739 [http-nio-8088-exec-1] INFO  o.a.c.c.C.[Tomcat].[localhost].[/springboot03] - Initializing Spring DispatcherServlet 'dispatcherServlet'
2022-11-23 16:06:14.739 [http-nio-8088-exec-1] INFO  org.springframework.web.servlet.DispatcherServlet - Initializing Servlet 'dispatcherServlet'
2022-11-23 16:06:14.739 [http-nio-8088-exec-1] INFO  org.springframework.web.servlet.DispatcherServlet - Completed initialization in 0 ms
2022-11-23 16:06:14.814 [http-nio-8088-exec-1] DEBUG com.zwc.mapper.EmpMapper.findAll - ==>  Preparing: select * from emp
2022-11-23 16:06:14.825 [http-nio-8088-exec-1] DEBUG com.zwc.mapper.EmpMapper.findAll - ==> Parameters: 
2022-11-23 16:06:14.838 [http-nio-8088-exec-1] DEBUG com.zwc.mapper.EmpMapper.findAll - <==      Total: 14
2022-11-23 16:14:22.065 [main] INFO  com.zwc.SpringbootthymeleafApplication - Starting SpringbootthymeleafApplication using Java 1.8.0_131 on DESKTOP-TEJ57I6 with PID 42276 (E:\javaprojects\spring-learning\springbootthymeleaf\target\classes started by ray in E:\javaprojects\spring-learning)
2022-11-23 16:14:22.067 [main] INFO  com.zwc.SpringbootthymeleafApplication - No active profile set, falling back to 1 default profile: "default"
2022-11-23 16:14:22.683 [main] INFO  o.s.boot.web.embedded.tomcat.TomcatWebServer - Tomcat initialized with port(s): 8088 (http)
2022-11-23 16:14:22.688 [main] INFO  org.apache.coyote.http11.Http11NioProtocol - Initializing ProtocolHandler ["http-nio-8088"]
2022-11-23 16:14:22.688 [main] INFO  org.apache.catalina.core.StandardService - Starting service [Tomcat]
2022-11-23 16:14:22.689 [main] INFO  org.apache.catalina.core.StandardEngine - Starting Servlet engine: [Apache Tomcat/9.0.68]
2022-11-23 16:14:22.749 [main] INFO  o.a.c.c.C.[Tomcat].[localhost].[/springboot03] - Initializing Spring embedded WebApplicationContext
2022-11-23 16:14:22.749 [main] INFO  o.s.b.w.s.c.ServletWebServerApplicationContext - Root WebApplicationContext: initialization completed in 650 ms
2022-11-23 16:14:22.808 [main] INFO  c.a.d.s.b.a.DruidDataSourceAutoConfigure - Init DruidDataSource
2022-11-23 16:14:22.881 [main] INFO  com.alibaba.druid.pool.DruidDataSource - {dataSource-1} inited
2022-11-23 16:14:23.118 [main] INFO  o.s.b.a.web.servlet.WelcomePageHandlerMapping - Adding welcome page template: index
2022-11-23 16:14:23.281 [main] INFO  org.apache.coyote.http11.Http11NioProtocol - Starting ProtocolHandler ["http-nio-8088"]
2022-11-23 16:14:23.293 [main] INFO  o.s.boot.web.embedded.tomcat.TomcatWebServer - Tomcat started on port(s): 8088 (http) with context path '/springboot03'
2022-11-23 16:14:23.299 [main] INFO  com.zwc.SpringbootthymeleafApplication - Started SpringbootthymeleafApplication in 1.474 seconds (JVM running for 1.946)
2022-11-23 16:14:24.590 [http-nio-8088-exec-2] INFO  o.a.c.c.C.[Tomcat].[localhost].[/springboot03] - Initializing Spring DispatcherServlet 'dispatcherServlet'
2022-11-23 16:14:24.590 [http-nio-8088-exec-2] INFO  org.springframework.web.servlet.DispatcherServlet - Initializing Servlet 'dispatcherServlet'
2022-11-23 16:14:24.590 [http-nio-8088-exec-2] INFO  org.springframework.web.servlet.DispatcherServlet - Completed initialization in 0 ms
2022-11-23 16:14:24.667 [http-nio-8088-exec-2] DEBUG com.zwc.mapper.EmpMapper.findAll - ==>  Preparing: select * from emp
2022-11-23 16:14:24.679 [http-nio-8088-exec-2] DEBUG com.zwc.mapper.EmpMapper.findAll - ==> Parameters: 
2022-11-23 16:14:24.690 [http-nio-8088-exec-2] DEBUG com.zwc.mapper.EmpMapper.findAll - <==      Total: 14
2022-11-23 16:44:51.446 [main] INFO  com.zwc.SpringbootthymeleafApplication - Starting SpringbootthymeleafApplication using Java 1.8.0_131 on DESKTOP-TEJ57I6 with PID 1880 (E:\javaprojects\spring-learning\springbootthymeleaf\target\classes started by ray in E:\javaprojects\spring-learning)
2022-11-23 16:44:51.448 [main] INFO  com.zwc.SpringbootthymeleafApplication - No active profile set, falling back to 1 default profile: "default"
2022-11-23 16:44:51.973 [main] INFO  o.s.boot.web.embedded.tomcat.TomcatWebServer - Tomcat initialized with port(s): 8088 (http)
2022-11-23 16:44:51.977 [main] INFO  org.apache.coyote.http11.Http11NioProtocol - Initializing ProtocolHandler ["http-nio-8088"]
2022-11-23 16:44:51.977 [main] INFO  org.apache.catalina.core.StandardService - Starting service [Tomcat]
2022-11-23 16:44:51.977 [main] INFO  org.apache.catalina.core.StandardEngine - Starting Servlet engine: [Apache Tomcat/9.0.68]
2022-11-23 16:44:52.042 [main] INFO  o.a.c.c.C.[Tomcat].[localhost].[/springboot03] - Initializing Spring embedded WebApplicationContext
2022-11-23 16:44:52.043 [main] INFO  o.s.b.w.s.c.ServletWebServerApplicationContext - Root WebApplicationContext: initialization completed in 571 ms
2022-11-23 16:44:52.090 [main] INFO  c.a.d.s.b.a.DruidDataSourceAutoConfigure - Init DruidDataSource
2022-11-23 16:44:52.145 [main] INFO  com.alibaba.druid.pool.DruidDataSource - {dataSource-1} inited
2022-11-23 16:44:52.306 [main] INFO  o.s.b.a.web.servlet.WelcomePageHandlerMapping - Adding welcome page template: index
2022-11-23 16:44:52.403 [main] INFO  org.apache.coyote.http11.Http11NioProtocol - Starting ProtocolHandler ["http-nio-8088"]
2022-11-23 16:44:52.411 [main] INFO  o.s.boot.web.embedded.tomcat.TomcatWebServer - Tomcat started on port(s): 8088 (http) with context path '/springboot03'
2022-11-23 16:44:52.416 [main] INFO  com.zwc.SpringbootthymeleafApplication - Started SpringbootthymeleafApplication in 1.178 seconds (JVM running for 1.622)
2022-11-23 16:44:55.672 [http-nio-8088-exec-1] INFO  o.a.c.c.C.[Tomcat].[localhost].[/springboot03] - Initializing Spring DispatcherServlet 'dispatcherServlet'
2022-11-23 16:44:55.672 [http-nio-8088-exec-1] INFO  org.springframework.web.servlet.DispatcherServlet - Initializing Servlet 'dispatcherServlet'
2022-11-23 16:44:55.672 [http-nio-8088-exec-1] INFO  org.springframework.web.servlet.DispatcherServlet - Completed initialization in 0 ms
2022-11-23 16:44:55.744 [http-nio-8088-exec-1] DEBUG com.zwc.mapper.EmpMapper.findAll - ==>  Preparing: select * from emp
2022-11-23 16:44:55.755 [http-nio-8088-exec-1] DEBUG com.zwc.mapper.EmpMapper.findAll - ==> Parameters: 
2022-11-23 16:44:55.768 [http-nio-8088-exec-1] DEBUG com.zwc.mapper.EmpMapper.findAll - <==      Total: 14
2022-11-23 16:44:55.897 [http-nio-8088-exec-1] ERROR org.thymeleaf.TemplateEngine - [THYMELEAF][http-nio-8088-exec-1] Exception processing template "showEmp": Could not parse as expression: "${i.odd}?a:b}" (template: "showEmp" - line 61, col 36)
org.thymeleaf.exceptions.TemplateProcessingException: Could not parse as expression: "${i.odd}?a:b}" (template: "showEmp" - line 61, col 36)
	at org.thymeleaf.standard.expression.StandardExpressionParser.parseExpression(StandardExpressionParser.java:131)
	at org.thymeleaf.standard.expression.StandardExpressionParser.parseExpression(StandardExpressionParser.java:62)
	at org.thymeleaf.standard.expression.StandardExpressionParser.parseExpression(StandardExpressionParser.java:44)
	at org.thymeleaf.engine.EngineEventUtils.parseAttributeExpression(EngineEventUtils.java:220)
	at org.thymeleaf.engine.EngineEventUtils.computeAttributeExpression(EngineEventUtils.java:207)
	at org.thymeleaf.standard.processor.AbstractStandardExpressionAttributeTagProcessor.doProcess(AbstractStandardExpressionAttributeTagProcessor.java:125)
	at org.thymeleaf.processor.element.AbstractAttributeTagProcessor.doProcess(AbstractAttributeTagProcessor.java:74)
	at org.thymeleaf.processor.element.AbstractElementTagProcessor.process(AbstractElementTagProcessor.java:95)
	at org.thymeleaf.util.ProcessorConfigurationUtils$ElementTagProcessorWrapper.process(ProcessorConfigurationUtils.java:633)
	at org.thymeleaf.engine.ProcessorTemplateHandler.handleOpenElement(ProcessorTemplateHandler.java:1314)
	at org.thymeleaf.engine.OpenElementTag.beHandled(OpenElementTag.java:205)
	at org.thymeleaf.engine.Model.process(Model.java:282)
	at org.thymeleaf.engine.Model.process(Model.java:290)
	at org.thymeleaf.engine.IteratedGatheringModelProcessable.processIterationModel(IteratedGatheringModelProcessable.java:367)
	at org.thymeleaf.engine.IteratedGatheringModelProcessable.process(IteratedGatheringModelProcessable.java:221)
	at org.thymeleaf.engine.ProcessorTemplateHandler.handleCloseElement(ProcessorTemplateHandler.java:1640)
	at org.thymeleaf.engine.CloseElementTag.beHandled(CloseElementTag.java:139)
	at org.thymeleaf.engine.TemplateModel.process(TemplateModel.java:136)
	at org.thymeleaf.engine.TemplateManager.parseAndProcess(TemplateManager.java:661)
	at org.thymeleaf.TemplateEngine.process(TemplateEngine.java:1098)
	at org.thymeleaf.TemplateEngine.process(TemplateEngine.java:1072)
	at org.thymeleaf.spring5.view.ThymeleafView.renderFragment(ThymeleafView.java:366)
	at org.thymeleaf.spring5.view.ThymeleafView.render(ThymeleafView.java:190)
	at org.springframework.web.servlet.DispatcherServlet.render(DispatcherServlet.java:1405)
	at org.springframework.web.servlet.DispatcherServlet.processDispatchResult(DispatcherServlet.java:1149)
	at org.springframework.web.servlet.DispatcherServlet.doDispatch(DispatcherServlet.java:1088)
	at org.springframework.web.servlet.DispatcherServlet.doService(DispatcherServlet.java:964)
	at org.springframework.web.servlet.FrameworkServlet.processRequest(FrameworkServlet.java:1006)
	at org.springframework.web.servlet.FrameworkServlet.doGet(FrameworkServlet.java:898)
	at javax.servlet.http.HttpServlet.service(HttpServlet.java:670)
	at org.springframework.web.servlet.FrameworkServlet.service(FrameworkServlet.java:883)
	at javax.servlet.http.HttpServlet.service(HttpServlet.java:779)
	at org.apache.catalina.core.ApplicationFilterChain.internalDoFilter(ApplicationFilterChain.java:227)
	at org.apache.catalina.core.ApplicationFilterChain.doFilter(ApplicationFilterChain.java:162)
	at org.apache.tomcat.websocket.server.WsFilter.doFilter(WsFilter.java:53)
	at org.apache.catalina.core.ApplicationFilterChain.internalDoFilter(ApplicationFilterChain.java:189)
	at org.apache.catalina.core.ApplicationFilterChain.doFilter(ApplicationFilterChain.java:162)
	at com.alibaba.druid.support.http.WebStatFilter.doFilter(WebStatFilter.java:123)
	at org.apache.catalina.core.ApplicationFilterChain.internalDoFilter(ApplicationFilterChain.java:189)
	at org.apache.catalina.core.ApplicationFilterChain.doFilter(ApplicationFilterChain.java:162)
	at org.springframework.web.filter.RequestContextFilter.doFilterInternal(RequestContextFilter.java:100)
	at org.springframework.web.filter.OncePerRequestFilter.doFilter(OncePerRequestFilter.java:117)
	at org.apache.catalina.core.ApplicationFilterChain.internalDoFilter(ApplicationFilterChain.java:189)
	at org.apache.catalina.core.ApplicationFilterChain.doFilter(ApplicationFilterChain.java:162)
	at org.springframework.web.filter.FormContentFilter.doFilterInternal(FormContentFilter.java:93)
	at org.springframework.web.filter.OncePerRequestFilter.doFilter(OncePerRequestFilter.java:117)
	at org.apache.catalina.core.ApplicationFilterChain.internalDoFilter(ApplicationFilterChain.java:189)
	at org.apache.catalina.core.ApplicationFilterChain.doFilter(ApplicationFilterChain.java:162)
	at org.springframework.web.filter.CharacterEncodingFilter.doFilterInternal(CharacterEncodingFilter.java:201)
	at org.springframework.web.filter.OncePerRequestFilter.doFilter(OncePerRequestFilter.java:117)
	at org.apache.catalina.core.ApplicationFilterChain.internalDoFilter(ApplicationFilterChain.java:189)
	at org.apache.catalina.core.ApplicationFilterChain.doFilter(ApplicationFilterChain.java:162)
	at org.apache.catalina.core.StandardWrapperValve.invoke(StandardWrapperValve.java:197)
	at org.apache.catalina.core.StandardContextValve.invoke(StandardContextValve.java:97)
	at org.apache.catalina.authenticator.AuthenticatorBase.invoke(AuthenticatorBase.java:541)
	at org.apache.catalina.core.StandardHostValve.invoke(StandardHostValve.java:135)
	at org.apache.catalina.valves.ErrorReportValve.invoke(ErrorReportValve.java:92)
	at org.apache.catalina.core.StandardEngineValve.invoke(StandardEngineValve.java:78)
	at org.apache.catalina.connector.CoyoteAdapter.service(CoyoteAdapter.java:360)
	at org.apache.coyote.http11.Http11Processor.service(Http11Processor.java:399)
	at org.apache.coyote.AbstractProcessorLight.process(AbstractProcessorLight.java:65)
	at org.apache.coyote.AbstractProtocol$ConnectionHandler.process(AbstractProtocol.java:893)
	at org.apache.tomcat.util.net.NioEndpoint$SocketProcessor.doRun(NioEndpoint.java:1789)
	at org.apache.tomcat.util.net.SocketProcessorBase.run(SocketProcessorBase.java:49)
	at org.apache.tomcat.util.threads.ThreadPoolExecutor.runWorker(ThreadPoolExecutor.java:1191)
	at org.apache.tomcat.util.threads.ThreadPoolExecutor$Worker.run(ThreadPoolExecutor.java:659)
	at org.apache.tomcat.util.threads.TaskThread$WrappingRunnable.run(TaskThread.java:61)
	at java.lang.Thread.run(Thread.java:748)
2022-11-23 16:44:55.899 [http-nio-8088-exec-1] ERROR o.a.c.c.C.[.[.[/springboot03].[dispatcherServlet] - Servlet.service() for servlet [dispatcherServlet] in context with path [/springboot03] threw exception [Request processing failed; nested exception is org.thymeleaf.exceptions.TemplateProcessingException: Could not parse as expression: "${i.odd}?a:b}" (template: "showEmp" - line 61, col 36)] with root cause
org.thymeleaf.exceptions.TemplateProcessingException: Could not parse as expression: "${i.odd}?a:b}" (template: "showEmp" - line 61, col 36)
	at org.thymeleaf.standard.expression.StandardExpressionParser.parseExpression(StandardExpressionParser.java:131)
	at org.thymeleaf.standard.expression.StandardExpressionParser.parseExpression(StandardExpressionParser.java:62)
	at org.thymeleaf.standard.expression.StandardExpressionParser.parseExpression(StandardExpressionParser.java:44)
	at org.thymeleaf.engine.EngineEventUtils.parseAttributeExpression(EngineEventUtils.java:220)
	at org.thymeleaf.engine.EngineEventUtils.computeAttributeExpression(EngineEventUtils.java:207)
	at org.thymeleaf.standard.processor.AbstractStandardExpressionAttributeTagProcessor.doProcess(AbstractStandardExpressionAttributeTagProcessor.java:125)
	at org.thymeleaf.processor.element.AbstractAttributeTagProcessor.doProcess(AbstractAttributeTagProcessor.java:74)
	at org.thymeleaf.processor.element.AbstractElementTagProcessor.process(AbstractElementTagProcessor.java:95)
	at org.thymeleaf.util.ProcessorConfigurationUtils$ElementTagProcessorWrapper.process(ProcessorConfigurationUtils.java:633)
	at org.thymeleaf.engine.ProcessorTemplateHandler.handleOpenElement(ProcessorTemplateHandler.java:1314)
	at org.thymeleaf.engine.OpenElementTag.beHandled(OpenElementTag.java:205)
	at org.thymeleaf.engine.Model.process(Model.java:282)
	at org.thymeleaf.engine.Model.process(Model.java:290)
	at org.thymeleaf.engine.IteratedGatheringModelProcessable.processIterationModel(IteratedGatheringModelProcessable.java:367)
	at org.thymeleaf.engine.IteratedGatheringModelProcessable.process(IteratedGatheringModelProcessable.java:221)
	at org.thymeleaf.engine.ProcessorTemplateHandler.handleCloseElement(ProcessorTemplateHandler.java:1640)
	at org.thymeleaf.engine.CloseElementTag.beHandled(CloseElementTag.java:139)
	at org.thymeleaf.engine.TemplateModel.process(TemplateModel.java:136)
	at org.thymeleaf.engine.TemplateManager.parseAndProcess(TemplateManager.java:661)
	at org.thymeleaf.TemplateEngine.process(TemplateEngine.java:1098)
	at org.thymeleaf.TemplateEngine.process(TemplateEngine.java:1072)
	at org.thymeleaf.spring5.view.ThymeleafView.renderFragment(ThymeleafView.java:366)
	at org.thymeleaf.spring5.view.ThymeleafView.render(ThymeleafView.java:190)
	at org.springframework.web.servlet.DispatcherServlet.render(DispatcherServlet.java:1405)
	at org.springframework.web.servlet.DispatcherServlet.processDispatchResult(DispatcherServlet.java:1149)
	at org.springframework.web.servlet.DispatcherServlet.doDispatch(DispatcherServlet.java:1088)
	at org.springframework.web.servlet.DispatcherServlet.doService(DispatcherServlet.java:964)
	at org.springframework.web.servlet.FrameworkServlet.processRequest(FrameworkServlet.java:1006)
	at org.springframework.web.servlet.FrameworkServlet.doGet(FrameworkServlet.java:898)
	at javax.servlet.http.HttpServlet.service(HttpServlet.java:670)
	at org.springframework.web.servlet.FrameworkServlet.service(FrameworkServlet.java:883)
	at javax.servlet.http.HttpServlet.service(HttpServlet.java:779)
	at org.apache.catalina.core.ApplicationFilterChain.internalDoFilter(ApplicationFilterChain.java:227)
	at org.apache.catalina.core.ApplicationFilterChain.doFilter(ApplicationFilterChain.java:162)
	at org.apache.tomcat.websocket.server.WsFilter.doFilter(WsFilter.java:53)
	at org.apache.catalina.core.ApplicationFilterChain.internalDoFilter(ApplicationFilterChain.java:189)
	at org.apache.catalina.core.ApplicationFilterChain.doFilter(ApplicationFilterChain.java:162)
	at com.alibaba.druid.support.http.WebStatFilter.doFilter(WebStatFilter.java:123)
	at org.apache.catalina.core.ApplicationFilterChain.internalDoFilter(ApplicationFilterChain.java:189)
	at org.apache.catalina.core.ApplicationFilterChain.doFilter(ApplicationFilterChain.java:162)
	at org.springframework.web.filter.RequestContextFilter.doFilterInternal(RequestContextFilter.java:100)
	at org.springframework.web.filter.OncePerRequestFilter.doFilter(OncePerRequestFilter.java:117)
	at org.apache.catalina.core.ApplicationFilterChain.internalDoFilter(ApplicationFilterChain.java:189)
	at org.apache.catalina.core.ApplicationFilterChain.doFilter(ApplicationFilterChain.java:162)
	at org.springframework.web.filter.FormContentFilter.doFilterInternal(FormContentFilter.java:93)
	at org.springframework.web.filter.OncePerRequestFilter.doFilter(OncePerRequestFilter.java:117)
	at org.apache.catalina.core.ApplicationFilterChain.internalDoFilter(ApplicationFilterChain.java:189)
	at org.apache.catalina.core.ApplicationFilterChain.doFilter(ApplicationFilterChain.java:162)
	at org.springframework.web.filter.CharacterEncodingFilter.doFilterInternal(CharacterEncodingFilter.java:201)
	at org.springframework.web.filter.OncePerRequestFilter.doFilter(OncePerRequestFilter.java:117)
	at org.apache.catalina.core.ApplicationFilterChain.internalDoFilter(ApplicationFilterChain.java:189)
	at org.apache.catalina.core.ApplicationFilterChain.doFilter(ApplicationFilterChain.java:162)
	at org.apache.catalina.core.StandardWrapperValve.invoke(StandardWrapperValve.java:197)
	at org.apache.catalina.core.StandardContextValve.invoke(StandardContextValve.java:97)
	at org.apache.catalina.authenticator.AuthenticatorBase.invoke(AuthenticatorBase.java:541)
	at org.apache.catalina.core.StandardHostValve.invoke(StandardHostValve.java:135)
	at org.apache.catalina.valves.ErrorReportValve.invoke(ErrorReportValve.java:92)
	at org.apache.catalina.core.StandardEngineValve.invoke(StandardEngineValve.java:78)
	at org.apache.catalina.connector.CoyoteAdapter.service(CoyoteAdapter.java:360)
	at org.apache.coyote.http11.Http11Processor.service(Http11Processor.java:399)
	at org.apache.coyote.AbstractProcessorLight.process(AbstractProcessorLight.java:65)
	at org.apache.coyote.AbstractProtocol$ConnectionHandler.process(AbstractProtocol.java:893)
	at org.apache.tomcat.util.net.NioEndpoint$SocketProcessor.doRun(NioEndpoint.java:1789)
	at org.apache.tomcat.util.net.SocketProcessorBase.run(SocketProcessorBase.java:49)
	at org.apache.tomcat.util.threads.ThreadPoolExecutor.runWorker(ThreadPoolExecutor.java:1191)
	at org.apache.tomcat.util.threads.ThreadPoolExecutor$Worker.run(ThreadPoolExecutor.java:659)
	at org.apache.tomcat.util.threads.TaskThread$WrappingRunnable.run(TaskThread.java:61)
	at java.lang.Thread.run(Thread.java:748)
2022-11-23 16:45:18.975 [main] INFO  com.zwc.SpringbootthymeleafApplication - Starting SpringbootthymeleafApplication using Java 1.8.0_131 on DESKTOP-TEJ57I6 with PID 38056 (E:\javaprojects\spring-learning\springbootthymeleaf\target\classes started by ray in E:\javaprojects\spring-learning)
2022-11-23 16:45:18.977 [main] INFO  com.zwc.SpringbootthymeleafApplication - No active profile set, falling back to 1 default profile: "default"
2022-11-23 16:45:19.522 [main] INFO  o.s.boot.web.embedded.tomcat.TomcatWebServer - Tomcat initialized with port(s): 8088 (http)
2022-11-23 16:45:19.528 [main] INFO  org.apache.coyote.http11.Http11NioProtocol - Initializing ProtocolHandler ["http-nio-8088"]
2022-11-23 16:45:19.528 [main] INFO  org.apache.catalina.core.StandardService - Starting service [Tomcat]
2022-11-23 16:45:19.528 [main] INFO  org.apache.catalina.core.StandardEngine - Starting Servlet engine: [Apache Tomcat/9.0.68]
2022-11-23 16:45:19.589 [main] INFO  o.a.c.c.C.[Tomcat].[localhost].[/springboot03] - Initializing Spring embedded WebApplicationContext
2022-11-23 16:45:19.589 [main] INFO  o.s.b.w.s.c.ServletWebServerApplicationContext - Root WebApplicationContext: initialization completed in 590 ms
2022-11-23 16:45:19.641 [main] INFO  c.a.d.s.b.a.DruidDataSourceAutoConfigure - Init DruidDataSource
2022-11-23 16:45:19.696 [main] INFO  com.alibaba.druid.pool.DruidDataSource - {dataSource-1} inited
2022-11-23 16:45:19.876 [main] INFO  o.s.b.a.web.servlet.WelcomePageHandlerMapping - Adding welcome page template: index
2022-11-23 16:45:19.988 [main] INFO  org.apache.coyote.http11.Http11NioProtocol - Starting ProtocolHandler ["http-nio-8088"]
2022-11-23 16:45:20.000 [main] INFO  o.s.boot.web.embedded.tomcat.TomcatWebServer - Tomcat started on port(s): 8088 (http) with context path '/springboot03'
2022-11-23 16:45:20.006 [main] INFO  com.zwc.SpringbootthymeleafApplication - Started SpringbootthymeleafApplication in 1.236 seconds (JVM running for 1.686)
2022-11-23 16:45:21.641 [http-nio-8088-exec-2] INFO  o.a.c.c.C.[Tomcat].[localhost].[/springboot03] - Initializing Spring DispatcherServlet 'dispatcherServlet'
2022-11-23 16:45:21.641 [http-nio-8088-exec-2] INFO  org.springframework.web.servlet.DispatcherServlet - Initializing Servlet 'dispatcherServlet'
2022-11-23 16:45:21.642 [http-nio-8088-exec-2] INFO  org.springframework.web.servlet.DispatcherServlet - Completed initialization in 1 ms
2022-11-23 16:45:21.714 [http-nio-8088-exec-2] DEBUG com.zwc.mapper.EmpMapper.findAll - ==>  Preparing: select * from emp
2022-11-23 16:45:21.726 [http-nio-8088-exec-2] DEBUG com.zwc.mapper.EmpMapper.findAll - ==> Parameters: 
2022-11-23 16:45:21.739 [http-nio-8088-exec-2] DEBUG com.zwc.mapper.EmpMapper.findAll - <==      Total: 14
2022-11-23 16:45:24.952 [http-nio-8088-exec-1] DEBUG com.zwc.mapper.EmpMapper.findAll - ==>  Preparing: select * from emp
2022-11-23 16:45:24.952 [http-nio-8088-exec-1] DEBUG com.zwc.mapper.EmpMapper.findAll - ==> Parameters: 
2022-11-23 16:45:24.955 [http-nio-8088-exec-1] DEBUG com.zwc.mapper.EmpMapper.findAll - <==      Total: 14
2022-11-23 16:45:25.493 [http-nio-8088-exec-3] DEBUG com.zwc.mapper.EmpMapper.findAll - ==>  Preparing: select * from emp
2022-11-23 16:45:25.493 [http-nio-8088-exec-3] DEBUG com.zwc.mapper.EmpMapper.findAll - ==> Parameters: 
2022-11-23 16:45:25.495 [http-nio-8088-exec-3] DEBUG com.zwc.mapper.EmpMapper.findAll - <==      Total: 14
2022-11-23 16:45:25.683 [http-nio-8088-exec-4] DEBUG com.zwc.mapper.EmpMapper.findAll - ==>  Preparing: select * from emp
2022-11-23 16:45:25.683 [http-nio-8088-exec-4] DEBUG com.zwc.mapper.EmpMapper.findAll - ==> Parameters: 
2022-11-23 16:45:25.685 [http-nio-8088-exec-4] DEBUG com.zwc.mapper.EmpMapper.findAll - <==      Total: 14
2022-11-23 16:45:25.859 [http-nio-8088-exec-5] DEBUG com.zwc.mapper.EmpMapper.findAll - ==>  Preparing: select * from emp
2022-11-23 16:45:25.859 [http-nio-8088-exec-5] DEBUG com.zwc.mapper.EmpMapper.findAll - ==> Parameters: 
2022-11-23 16:45:25.861 [http-nio-8088-exec-5] DEBUG com.zwc.mapper.EmpMapper.findAll - <==      Total: 14
2022-11-23 16:45:26.048 [http-nio-8088-exec-6] DEBUG com.zwc.mapper.EmpMapper.findAll - ==>  Preparing: select * from emp
2022-11-23 16:45:26.049 [http-nio-8088-exec-6] DEBUG com.zwc.mapper.EmpMapper.findAll - ==> Parameters: 
2022-11-23 16:45:26.050 [http-nio-8088-exec-6] DEBUG com.zwc.mapper.EmpMapper.findAll - <==      Total: 14
2022-11-23 16:45:26.320 [http-nio-8088-exec-10] DEBUG com.zwc.mapper.EmpMapper.findAll - ==>  Preparing: select * from emp
2022-11-23 16:45:26.320 [http-nio-8088-exec-10] DEBUG com.zwc.mapper.EmpMapper.findAll - ==> Parameters: 
2022-11-23 16:45:26.321 [http-nio-8088-exec-10] DEBUG com.zwc.mapper.EmpMapper.findAll - <==      Total: 14
2022-11-23 16:56:08.302 [main] INFO  com.zwc.SpringbootthymeleafApplication - Starting SpringbootthymeleafApplication using Java 1.8.0_131 on DESKTOP-TEJ57I6 with PID 39532 (E:\javaprojects\spring-learning\springbootthymeleaf\target\classes started by ray in E:\javaprojects\spring-learning)
2022-11-23 16:56:08.303 [main] INFO  com.zwc.SpringbootthymeleafApplication - No active profile set, falling back to 1 default profile: "default"
2022-11-23 16:56:08.910 [main] INFO  o.s.boot.web.embedded.tomcat.TomcatWebServer - Tomcat initialized with port(s): 8088 (http)
2022-11-23 16:56:08.915 [main] INFO  org.apache.coyote.http11.Http11NioProtocol - Initializing ProtocolHandler ["http-nio-8088"]
2022-11-23 16:56:08.915 [main] INFO  org.apache.catalina.core.StandardService - Starting service [Tomcat]
2022-11-23 16:56:08.915 [main] INFO  org.apache.catalina.core.StandardEngine - Starting Servlet engine: [Apache Tomcat/9.0.68]
2022-11-23 16:56:08.990 [main] INFO  o.a.c.c.C.[Tomcat].[localhost].[/springboot03] - Initializing Spring embedded WebApplicationContext
2022-11-23 16:56:08.991 [main] INFO  o.s.b.w.s.c.ServletWebServerApplicationContext - Root WebApplicationContext: initialization completed in 663 ms
2022-11-23 16:56:09.050 [main] INFO  c.a.d.s.b.a.DruidDataSourceAutoConfigure - Init DruidDataSource
2022-11-23 16:56:09.111 [main] INFO  com.alibaba.druid.pool.DruidDataSource - {dataSource-1} inited
2022-11-23 16:56:09.315 [main] INFO  o.s.b.a.web.servlet.WelcomePageHandlerMapping - Adding welcome page template: index
2022-11-23 16:56:09.430 [main] INFO  org.apache.coyote.http11.Http11NioProtocol - Starting ProtocolHandler ["http-nio-8088"]
2022-11-23 16:56:09.441 [main] INFO  o.s.boot.web.embedded.tomcat.TomcatWebServer - Tomcat started on port(s): 8088 (http) with context path '/springboot03'
2022-11-23 16:56:09.446 [main] INFO  com.zwc.SpringbootthymeleafApplication - Started SpringbootthymeleafApplication in 1.363 seconds (JVM running for 1.801)
2022-11-23 16:56:14.262 [http-nio-8088-exec-1] INFO  o.a.c.c.C.[Tomcat].[localhost].[/springboot03] - Initializing Spring DispatcherServlet 'dispatcherServlet'
2022-11-23 16:56:14.262 [http-nio-8088-exec-1] INFO  org.springframework.web.servlet.DispatcherServlet - Initializing Servlet 'dispatcherServlet'
2022-11-23 16:56:14.262 [http-nio-8088-exec-1] INFO  org.springframework.web.servlet.DispatcherServlet - Completed initialization in 0 ms
2022-11-23 16:56:14.335 [http-nio-8088-exec-1] DEBUG com.zwc.mapper.EmpMapper.findAll - ==>  Preparing: select * from emp
2022-11-23 16:56:14.346 [http-nio-8088-exec-1] DEBUG com.zwc.mapper.EmpMapper.findAll - ==> Parameters: 
2022-11-23 16:56:14.359 [http-nio-8088-exec-1] DEBUG com.zwc.mapper.EmpMapper.findAll - <==      Total: 14
2022-11-23 16:56:20.271 [http-nio-8088-exec-2] DEBUG com.zwc.mapper.EmpMapper.removeEmp - ==>  Preparing: delete from emp where empno=? ename=?
2022-11-23 16:56:20.273 [http-nio-8088-exec-2] DEBUG com.zwc.mapper.EmpMapper.removeEmp - ==> Parameters: 7369(Integer), SMITH(String)
2022-11-23 16:56:20.317 [http-nio-8088-exec-2] ERROR o.a.c.c.C.[.[.[/springboot03].[dispatcherServlet] - Servlet.service() for servlet [dispatcherServlet] in context with path [/springboot03] threw exception [Request processing failed; nested exception is org.springframework.jdbc.BadSqlGrammarException: 
### Error updating database.  Cause: java.sql.SQLSyntaxErrorException: You have an error in your SQL syntax; check the manual that corresponds to your MySQL server version for the right syntax to use near 'ename='SMITH'' at line 1
### The error may exist in file [E:\javaprojects\spring-learning\springbootthymeleaf\target\classes\mybatis\EmpMapper.xml]
### The error may involve defaultParameterMap
### The error occurred while setting parameters
### SQL: delete from emp where empno=? ename=?
### Cause: java.sql.SQLSyntaxErrorException: You have an error in your SQL syntax; check the manual that corresponds to your MySQL server version for the right syntax to use near 'ename='SMITH'' at line 1
; bad SQL grammar []; nested exception is java.sql.SQLSyntaxErrorException: You have an error in your SQL syntax; check the manual that corresponds to your MySQL server version for the right syntax to use near 'ename='SMITH'' at line 1] with root cause
java.sql.SQLSyntaxErrorException: You have an error in your SQL syntax; check the manual that corresponds to your MySQL server version for the right syntax to use near 'ename='SMITH'' at line 1
	at com.mysql.cj.jdbc.exceptions.SQLError.createSQLException(SQLError.java:120)
	at com.mysql.cj.jdbc.exceptions.SQLError.createSQLException(SQLError.java:97)
	at com.mysql.cj.jdbc.exceptions.SQLExceptionsMapping.translateException(SQLExceptionsMapping.java:122)
	at com.mysql.cj.jdbc.ClientPreparedStatement.executeInternal(ClientPreparedStatement.java:953)
	at com.mysql.cj.jdbc.ClientPreparedStatement.execute(ClientPreparedStatement.java:370)
	at com.alibaba.druid.filter.FilterChainImpl.preparedStatement_execute(FilterChainImpl.java:3409)
	at com.alibaba.druid.filter.FilterEventAdapter.preparedStatement_execute(FilterEventAdapter.java:440)
	at com.alibaba.druid.filter.FilterChainImpl.preparedStatement_execute(FilterChainImpl.java:3407)
	at com.alibaba.druid.proxy.jdbc.PreparedStatementProxyImpl.execute(PreparedStatementProxyImpl.java:167)
	at com.alibaba.druid.pool.DruidPooledPreparedStatement.execute(DruidPooledPreparedStatement.java:498)
	at sun.reflect.NativeMethodAccessorImpl.invoke0(Native Method)
	at sun.reflect.NativeMethodAccessorImpl.invoke(NativeMethodAccessorImpl.java:62)
	at sun.reflect.DelegatingMethodAccessorImpl.invoke(DelegatingMethodAccessorImpl.java:43)
	at java.lang.reflect.Method.invoke(Method.java:498)
	at org.apache.ibatis.logging.jdbc.PreparedStatementLogger.invoke(PreparedStatementLogger.java:59)
	at com.sun.proxy.$Proxy72.execute(Unknown Source)
	at org.apache.ibatis.executor.statement.PreparedStatementHandler.update(PreparedStatementHandler.java:47)
	at org.apache.ibatis.executor.statement.RoutingStatementHandler.update(RoutingStatementHandler.java:74)
	at org.apache.ibatis.executor.SimpleExecutor.doUpdate(SimpleExecutor.java:50)
	at org.apache.ibatis.executor.BaseExecutor.update(BaseExecutor.java:117)
	at org.apache.ibatis.executor.CachingExecutor.update(CachingExecutor.java:76)
	at sun.reflect.NativeMethodAccessorImpl.invoke0(Native Method)
	at sun.reflect.NativeMethodAccessorImpl.invoke(NativeMethodAccessorImpl.java:62)
	at sun.reflect.DelegatingMethodAccessorImpl.invoke(DelegatingMethodAccessorImpl.java:43)
	at java.lang.reflect.Method.invoke(Method.java:498)
	at org.apache.ibatis.plugin.Plugin.invoke(Plugin.java:63)
	at com.sun.proxy.$Proxy70.update(Unknown Source)
	at org.apache.ibatis.session.defaults.DefaultSqlSession.update(DefaultSqlSession.java:197)
	at org.apache.ibatis.session.defaults.DefaultSqlSession.delete(DefaultSqlSession.java:212)
	at sun.reflect.NativeMethodAccessorImpl.invoke0(Native Method)
	at sun.reflect.NativeMethodAccessorImpl.invoke(NativeMethodAccessorImpl.java:62)
	at sun.reflect.DelegatingMethodAccessorImpl.invoke(DelegatingMethodAccessorImpl.java:43)
	at java.lang.reflect.Method.invoke(Method.java:498)
	at org.mybatis.spring.SqlSessionTemplate$SqlSessionInterceptor.invoke(SqlSessionTemplate.java:426)
	at com.sun.proxy.$Proxy57.delete(Unknown Source)
	at org.mybatis.spring.SqlSessionTemplate.delete(SqlSessionTemplate.java:303)
	at org.apache.ibatis.binding.MapperMethod.execute(MapperMethod.java:72)
	at org.apache.ibatis.binding.MapperProxy$PlainMethodInvoker.invoke(MapperProxy.java:152)
	at org.apache.ibatis.binding.MapperProxy.invoke(MapperProxy.java:85)
	at com.sun.proxy.$Proxy58.removeEmp(Unknown Source)
	at EmpServcieImpl.removeEmp(EmpServcieImpl.java:30)
	at EmpServcieImpl$$FastClassBySpringCGLIB$$9681b821.invoke(<generated>)
	at org.springframework.cglib.proxy.MethodProxy.invoke(MethodProxy.java:218)
	at org.springframework.aop.framework.CglibAopProxy$CglibMethodInvocation.invokeJoinpoint(CglibAopProxy.java:793)
	at org.springframework.aop.framework.ReflectiveMethodInvocation.proceed(ReflectiveMethodInvocation.java:163)
	at org.springframework.aop.framework.CglibAopProxy$CglibMethodInvocation.proceed(CglibAopProxy.java:763)
	at org.springframework.transaction.interceptor.TransactionInterceptor$1.proceedWithInvocation(TransactionInterceptor.java:123)
	at org.springframework.transaction.interceptor.TransactionAspectSupport.invokeWithinTransaction(TransactionAspectSupport.java:388)
	at org.springframework.transaction.interceptor.TransactionInterceptor.invoke(TransactionInterceptor.java:119)
	at org.springframework.aop.framework.ReflectiveMethodInvocation.proceed(ReflectiveMethodInvocation.java:186)
	at org.springframework.aop.framework.CglibAopProxy$CglibMethodInvocation.proceed(CglibAopProxy.java:763)
	at org.springframework.aop.framework.CglibAopProxy$DynamicAdvisedInterceptor.intercept(CglibAopProxy.java:708)
	at EmpServcieImpl$$EnhancerBySpringCGLIB$$660c215e.removeEmp(<generated>)
	at com.zwc.controller.ThymeleafController.removeEmp(ThymeleafController.java:27)
	at sun.reflect.NativeMethodAccessorImpl.invoke0(Native Method)
	at sun.reflect.NativeMethodAccessorImpl.invoke(NativeMethodAccessorImpl.java:62)
	at sun.reflect.DelegatingMethodAccessorImpl.invoke(DelegatingMethodAccessorImpl.java:43)
	at java.lang.reflect.Method.invoke(Method.java:498)
	at org.springframework.web.method.support.InvocableHandlerMethod.doInvoke(InvocableHandlerMethod.java:205)
	at org.springframework.web.method.support.InvocableHandlerMethod.invokeForRequest(InvocableHandlerMethod.java:150)
	at org.springframework.web.servlet.mvc.method.annotation.ServletInvocableHandlerMethod.invokeAndHandle(ServletInvocableHandlerMethod.java:117)
	at org.springframework.web.servlet.mvc.method.annotation.RequestMappingHandlerAdapter.invokeHandlerMethod(RequestMappingHandlerAdapter.java:895)
	at org.springframework.web.servlet.mvc.method.annotation.RequestMappingHandlerAdapter.handleInternal(RequestMappingHandlerAdapter.java:808)
	at org.springframework.web.servlet.mvc.method.AbstractHandlerMethodAdapter.handle(AbstractHandlerMethodAdapter.java:87)
	at org.springframework.web.servlet.DispatcherServlet.doDispatch(DispatcherServlet.java:1071)
	at org.springframework.web.servlet.DispatcherServlet.doService(DispatcherServlet.java:964)
	at org.springframework.web.servlet.FrameworkServlet.processRequest(FrameworkServlet.java:1006)
	at org.springframework.web.servlet.FrameworkServlet.doGet(FrameworkServlet.java:898)
	at javax.servlet.http.HttpServlet.service(HttpServlet.java:670)
	at org.springframework.web.servlet.FrameworkServlet.service(FrameworkServlet.java:883)
	at javax.servlet.http.HttpServlet.service(HttpServlet.java:779)
	at org.apache.catalina.core.ApplicationFilterChain.internalDoFilter(ApplicationFilterChain.java:227)
	at org.apache.catalina.core.ApplicationFilterChain.doFilter(ApplicationFilterChain.java:162)
	at org.apache.tomcat.websocket.server.WsFilter.doFilter(WsFilter.java:53)
	at org.apache.catalina.core.ApplicationFilterChain.internalDoFilter(ApplicationFilterChain.java:189)
	at org.apache.catalina.core.ApplicationFilterChain.doFilter(ApplicationFilterChain.java:162)
	at com.alibaba.druid.support.http.WebStatFilter.doFilter(WebStatFilter.java:123)
	at org.apache.catalina.core.ApplicationFilterChain.internalDoFilter(ApplicationFilterChain.java:189)
	at org.apache.catalina.core.ApplicationFilterChain.doFilter(ApplicationFilterChain.java:162)
	at org.springframework.web.filter.RequestContextFilter.doFilterInternal(RequestContextFilter.java:100)
	at org.springframework.web.filter.OncePerRequestFilter.doFilter(OncePerRequestFilter.java:117)
	at org.apache.catalina.core.ApplicationFilterChain.internalDoFilter(ApplicationFilterChain.java:189)
	at org.apache.catalina.core.ApplicationFilterChain.doFilter(ApplicationFilterChain.java:162)
	at org.springframework.web.filter.FormContentFilter.doFilterInternal(FormContentFilter.java:93)
	at org.springframework.web.filter.OncePerRequestFilter.doFilter(OncePerRequestFilter.java:117)
	at org.apache.catalina.core.ApplicationFilterChain.internalDoFilter(ApplicationFilterChain.java:189)
	at org.apache.catalina.core.ApplicationFilterChain.doFilter(ApplicationFilterChain.java:162)
	at org.springframework.web.filter.CharacterEncodingFilter.doFilterInternal(CharacterEncodingFilter.java:201)
	at org.springframework.web.filter.OncePerRequestFilter.doFilter(OncePerRequestFilter.java:117)
	at org.apache.catalina.core.ApplicationFilterChain.internalDoFilter(ApplicationFilterChain.java:189)
	at org.apache.catalina.core.ApplicationFilterChain.doFilter(ApplicationFilterChain.java:162)
	at org.apache.catalina.core.StandardWrapperValve.invoke(StandardWrapperValve.java:197)
	at org.apache.catalina.core.StandardContextValve.invoke(StandardContextValve.java:97)
	at org.apache.catalina.authenticator.AuthenticatorBase.invoke(AuthenticatorBase.java:541)
	at org.apache.catalina.core.StandardHostValve.invoke(StandardHostValve.java:135)
	at org.apache.catalina.valves.ErrorReportValve.invoke(ErrorReportValve.java:92)
	at org.apache.catalina.core.StandardEngineValve.invoke(StandardEngineValve.java:78)
	at org.apache.catalina.connector.CoyoteAdapter.service(CoyoteAdapter.java:360)
	at org.apache.coyote.http11.Http11Processor.service(Http11Processor.java:399)
	at org.apache.coyote.AbstractProcessorLight.process(AbstractProcessorLight.java:65)
	at org.apache.coyote.AbstractProtocol$ConnectionHandler.process(AbstractProtocol.java:893)
	at org.apache.tomcat.util.net.NioEndpoint$SocketProcessor.doRun(NioEndpoint.java:1789)
	at org.apache.tomcat.util.net.SocketProcessorBase.run(SocketProcessorBase.java:49)
	at org.apache.tomcat.util.threads.ThreadPoolExecutor.runWorker(ThreadPoolExecutor.java:1191)
	at org.apache.tomcat.util.threads.ThreadPoolExecutor$Worker.run(ThreadPoolExecutor.java:659)
	at org.apache.tomcat.util.threads.TaskThread$WrappingRunnable.run(TaskThread.java:61)
	at java.lang.Thread.run(Thread.java:748)
2022-11-23 16:57:40.452 [main] INFO  com.zwc.SpringbootthymeleafApplication - Starting SpringbootthymeleafApplication using Java 1.8.0_131 on DESKTOP-TEJ57I6 with PID 44440 (E:\javaprojects\spring-learning\springbootthymeleaf\target\classes started by ray in E:\javaprojects\spring-learning)
2022-11-23 16:57:40.454 [main] INFO  com.zwc.SpringbootthymeleafApplication - No active profile set, falling back to 1 default profile: "default"
2022-11-23 16:57:41.029 [main] INFO  o.s.boot.web.embedded.tomcat.TomcatWebServer - Tomcat initialized with port(s): 8088 (http)
2022-11-23 16:57:41.033 [main] INFO  org.apache.coyote.http11.Http11NioProtocol - Initializing ProtocolHandler ["http-nio-8088"]
2022-11-23 16:57:41.033 [main] INFO  org.apache.catalina.core.StandardService - Starting service [Tomcat]
2022-11-23 16:57:41.034 [main] INFO  org.apache.catalina.core.StandardEngine - Starting Servlet engine: [Apache Tomcat/9.0.68]
2022-11-23 16:57:41.100 [main] INFO  o.a.c.c.C.[Tomcat].[localhost].[/springboot03] - Initializing Spring embedded WebApplicationContext
2022-11-23 16:57:41.101 [main] INFO  o.s.b.w.s.c.ServletWebServerApplicationContext - Root WebApplicationContext: initialization completed in 621 ms
2022-11-23 16:57:41.149 [main] INFO  c.a.d.s.b.a.DruidDataSourceAutoConfigure - Init DruidDataSource
2022-11-23 16:57:41.204 [main] INFO  com.alibaba.druid.pool.DruidDataSource - {dataSource-1} inited
2022-11-23 16:57:41.373 [main] INFO  o.s.b.a.web.servlet.WelcomePageHandlerMapping - Adding welcome page template: index
2022-11-23 16:57:41.473 [main] INFO  org.apache.coyote.http11.Http11NioProtocol - Starting ProtocolHandler ["http-nio-8088"]
2022-11-23 16:57:41.481 [main] INFO  o.s.boot.web.embedded.tomcat.TomcatWebServer - Tomcat started on port(s): 8088 (http) with context path '/springboot03'
2022-11-23 16:57:41.486 [main] INFO  com.zwc.SpringbootthymeleafApplication - Started SpringbootthymeleafApplication in 1.253 seconds (JVM running for 1.686)
2022-11-23 16:57:45.627 [http-nio-8088-exec-1] INFO  o.a.c.c.C.[Tomcat].[localhost].[/springboot03] - Initializing Spring DispatcherServlet 'dispatcherServlet'
2022-11-23 16:57:45.627 [http-nio-8088-exec-1] INFO  org.springframework.web.servlet.DispatcherServlet - Initializing Servlet 'dispatcherServlet'
2022-11-23 16:57:45.627 [http-nio-8088-exec-1] INFO  org.springframework.web.servlet.DispatcherServlet - Completed initialization in 0 ms
2022-11-23 16:58:02.282 [http-nio-8088-exec-4] DEBUG com.zwc.mapper.EmpMapper.findAll - ==>  Preparing: select * from emp
2022-11-23 16:58:02.293 [http-nio-8088-exec-4] DEBUG com.zwc.mapper.EmpMapper.findAll - ==> Parameters: 
2022-11-23 16:58:02.307 [http-nio-8088-exec-4] DEBUG com.zwc.mapper.EmpMapper.findAll - <==      Total: 14
2022-11-23 16:58:04.154 [http-nio-8088-exec-3] DEBUG com.zwc.mapper.EmpMapper.removeEmp - ==>  Preparing: delete from emp where empno=? ename=?
2022-11-23 16:58:04.155 [http-nio-8088-exec-3] DEBUG com.zwc.mapper.EmpMapper.removeEmp - ==> Parameters: 7369(Integer), SMITH(String)
2022-11-23 16:58:04.193 [http-nio-8088-exec-3] ERROR o.a.c.c.C.[.[.[/springboot03].[dispatcherServlet] - Servlet.service() for servlet [dispatcherServlet] in context with path [/springboot03] threw exception [Request processing failed; nested exception is org.springframework.jdbc.BadSqlGrammarException: 
### Error updating database.  Cause: java.sql.SQLSyntaxErrorException: You have an error in your SQL syntax; check the manual that corresponds to your MySQL server version for the right syntax to use near 'ename='SMITH'' at line 1
### The error may exist in file [E:\javaprojects\spring-learning\springbootthymeleaf\target\classes\mybatis\EmpMapper.xml]
### The error may involve defaultParameterMap
### The error occurred while setting parameters
### SQL: delete from emp where empno=? ename=?
### Cause: java.sql.SQLSyntaxErrorException: You have an error in your SQL syntax; check the manual that corresponds to your MySQL server version for the right syntax to use near 'ename='SMITH'' at line 1
; bad SQL grammar []; nested exception is java.sql.SQLSyntaxErrorException: You have an error in your SQL syntax; check the manual that corresponds to your MySQL server version for the right syntax to use near 'ename='SMITH'' at line 1] with root cause
java.sql.SQLSyntaxErrorException: You have an error in your SQL syntax; check the manual that corresponds to your MySQL server version for the right syntax to use near 'ename='SMITH'' at line 1
	at com.mysql.cj.jdbc.exceptions.SQLError.createSQLException(SQLError.java:120)
	at com.mysql.cj.jdbc.exceptions.SQLError.createSQLException(SQLError.java:97)
	at com.mysql.cj.jdbc.exceptions.SQLExceptionsMapping.translateException(SQLExceptionsMapping.java:122)
	at com.mysql.cj.jdbc.ClientPreparedStatement.executeInternal(ClientPreparedStatement.java:953)
	at com.mysql.cj.jdbc.ClientPreparedStatement.execute(ClientPreparedStatement.java:370)
	at com.alibaba.druid.filter.FilterChainImpl.preparedStatement_execute(FilterChainImpl.java:3409)
	at com.alibaba.druid.filter.FilterEventAdapter.preparedStatement_execute(FilterEventAdapter.java:440)
	at com.alibaba.druid.filter.FilterChainImpl.preparedStatement_execute(FilterChainImpl.java:3407)
	at com.alibaba.druid.proxy.jdbc.PreparedStatementProxyImpl.execute(PreparedStatementProxyImpl.java:167)
	at com.alibaba.druid.pool.DruidPooledPreparedStatement.execute(DruidPooledPreparedStatement.java:498)
	at sun.reflect.NativeMethodAccessorImpl.invoke0(Native Method)
	at sun.reflect.NativeMethodAccessorImpl.invoke(NativeMethodAccessorImpl.java:62)
	at sun.reflect.DelegatingMethodAccessorImpl.invoke(DelegatingMethodAccessorImpl.java:43)
	at java.lang.reflect.Method.invoke(Method.java:498)
	at org.apache.ibatis.logging.jdbc.PreparedStatementLogger.invoke(PreparedStatementLogger.java:59)
	at com.sun.proxy.$Proxy72.execute(Unknown Source)
	at org.apache.ibatis.executor.statement.PreparedStatementHandler.update(PreparedStatementHandler.java:47)
	at org.apache.ibatis.executor.statement.RoutingStatementHandler.update(RoutingStatementHandler.java:74)
	at org.apache.ibatis.executor.SimpleExecutor.doUpdate(SimpleExecutor.java:50)
	at org.apache.ibatis.executor.BaseExecutor.update(BaseExecutor.java:117)
	at org.apache.ibatis.executor.CachingExecutor.update(CachingExecutor.java:76)
	at sun.reflect.NativeMethodAccessorImpl.invoke0(Native Method)
	at sun.reflect.NativeMethodAccessorImpl.invoke(NativeMethodAccessorImpl.java:62)
	at sun.reflect.DelegatingMethodAccessorImpl.invoke(DelegatingMethodAccessorImpl.java:43)
	at java.lang.reflect.Method.invoke(Method.java:498)
	at org.apache.ibatis.plugin.Plugin.invoke(Plugin.java:63)
	at com.sun.proxy.$Proxy70.update(Unknown Source)
	at org.apache.ibatis.session.defaults.DefaultSqlSession.update(DefaultSqlSession.java:197)
	at org.apache.ibatis.session.defaults.DefaultSqlSession.delete(DefaultSqlSession.java:212)
	at sun.reflect.NativeMethodAccessorImpl.invoke0(Native Method)
	at sun.reflect.NativeMethodAccessorImpl.invoke(NativeMethodAccessorImpl.java:62)
	at sun.reflect.DelegatingMethodAccessorImpl.invoke(DelegatingMethodAccessorImpl.java:43)
	at java.lang.reflect.Method.invoke(Method.java:498)
	at org.mybatis.spring.SqlSessionTemplate$SqlSessionInterceptor.invoke(SqlSessionTemplate.java:426)
	at com.sun.proxy.$Proxy57.delete(Unknown Source)
	at org.mybatis.spring.SqlSessionTemplate.delete(SqlSessionTemplate.java:303)
	at org.apache.ibatis.binding.MapperMethod.execute(MapperMethod.java:72)
	at org.apache.ibatis.binding.MapperProxy$PlainMethodInvoker.invoke(MapperProxy.java:152)
	at org.apache.ibatis.binding.MapperProxy.invoke(MapperProxy.java:85)
	at com.sun.proxy.$Proxy58.removeEmp(Unknown Source)
	at EmpServcieImpl.removeEmp(EmpServcieImpl.java:30)
	at EmpServcieImpl$$FastClassBySpringCGLIB$$9681b821.invoke(<generated>)
	at org.springframework.cglib.proxy.MethodProxy.invoke(MethodProxy.java:218)
	at org.springframework.aop.framework.CglibAopProxy$CglibMethodInvocation.invokeJoinpoint(CglibAopProxy.java:793)
	at org.springframework.aop.framework.ReflectiveMethodInvocation.proceed(ReflectiveMethodInvocation.java:163)
	at org.springframework.aop.framework.CglibAopProxy$CglibMethodInvocation.proceed(CglibAopProxy.java:763)
	at org.springframework.transaction.interceptor.TransactionInterceptor$1.proceedWithInvocation(TransactionInterceptor.java:123)
	at org.springframework.transaction.interceptor.TransactionAspectSupport.invokeWithinTransaction(TransactionAspectSupport.java:388)
	at org.springframework.transaction.interceptor.TransactionInterceptor.invoke(TransactionInterceptor.java:119)
	at org.springframework.aop.framework.ReflectiveMethodInvocation.proceed(ReflectiveMethodInvocation.java:186)
	at org.springframework.aop.framework.CglibAopProxy$CglibMethodInvocation.proceed(CglibAopProxy.java:763)
	at org.springframework.aop.framework.CglibAopProxy$DynamicAdvisedInterceptor.intercept(CglibAopProxy.java:708)
	at EmpServcieImpl$$EnhancerBySpringCGLIB$$f11c1800.removeEmp(<generated>)
	at com.zwc.controller.ThymeleafController.removeEmp(ThymeleafController.java:27)
	at sun.reflect.NativeMethodAccessorImpl.invoke0(Native Method)
	at sun.reflect.NativeMethodAccessorImpl.invoke(NativeMethodAccessorImpl.java:62)
	at sun.reflect.DelegatingMethodAccessorImpl.invoke(DelegatingMethodAccessorImpl.java:43)
	at java.lang.reflect.Method.invoke(Method.java:498)
	at org.springframework.web.method.support.InvocableHandlerMethod.doInvoke(InvocableHandlerMethod.java:205)
	at org.springframework.web.method.support.InvocableHandlerMethod.invokeForRequest(InvocableHandlerMethod.java:150)
	at org.springframework.web.servlet.mvc.method.annotation.ServletInvocableHandlerMethod.invokeAndHandle(ServletInvocableHandlerMethod.java:117)
	at org.springframework.web.servlet.mvc.method.annotation.RequestMappingHandlerAdapter.invokeHandlerMethod(RequestMappingHandlerAdapter.java:895)
	at org.springframework.web.servlet.mvc.method.annotation.RequestMappingHandlerAdapter.handleInternal(RequestMappingHandlerAdapter.java:808)
	at org.springframework.web.servlet.mvc.method.AbstractHandlerMethodAdapter.handle(AbstractHandlerMethodAdapter.java:87)
	at org.springframework.web.servlet.DispatcherServlet.doDispatch(DispatcherServlet.java:1071)
	at org.springframework.web.servlet.DispatcherServlet.doService(DispatcherServlet.java:964)
	at org.springframework.web.servlet.FrameworkServlet.processRequest(FrameworkServlet.java:1006)
	at org.springframework.web.servlet.FrameworkServlet.doGet(FrameworkServlet.java:898)
	at javax.servlet.http.HttpServlet.service(HttpServlet.java:670)
	at org.springframework.web.servlet.FrameworkServlet.service(FrameworkServlet.java:883)
	at javax.servlet.http.HttpServlet.service(HttpServlet.java:779)
	at org.apache.catalina.core.ApplicationFilterChain.internalDoFilter(ApplicationFilterChain.java:227)
	at org.apache.catalina.core.ApplicationFilterChain.doFilter(ApplicationFilterChain.java:162)
	at org.apache.tomcat.websocket.server.WsFilter.doFilter(WsFilter.java:53)
	at org.apache.catalina.core.ApplicationFilterChain.internalDoFilter(ApplicationFilterChain.java:189)
	at org.apache.catalina.core.ApplicationFilterChain.doFilter(ApplicationFilterChain.java:162)
	at com.alibaba.druid.support.http.WebStatFilter.doFilter(WebStatFilter.java:123)
	at org.apache.catalina.core.ApplicationFilterChain.internalDoFilter(ApplicationFilterChain.java:189)
	at org.apache.catalina.core.ApplicationFilterChain.doFilter(ApplicationFilterChain.java:162)
	at org.springframework.web.filter.RequestContextFilter.doFilterInternal(RequestContextFilter.java:100)
	at org.springframework.web.filter.OncePerRequestFilter.doFilter(OncePerRequestFilter.java:117)
	at org.apache.catalina.core.ApplicationFilterChain.internalDoFilter(ApplicationFilterChain.java:189)
	at org.apache.catalina.core.ApplicationFilterChain.doFilter(ApplicationFilterChain.java:162)
	at org.springframework.web.filter.FormContentFilter.doFilterInternal(FormContentFilter.java:93)
	at org.springframework.web.filter.OncePerRequestFilter.doFilter(OncePerRequestFilter.java:117)
	at org.apache.catalina.core.ApplicationFilterChain.internalDoFilter(ApplicationFilterChain.java:189)
	at org.apache.catalina.core.ApplicationFilterChain.doFilter(ApplicationFilterChain.java:162)
	at org.springframework.web.filter.CharacterEncodingFilter.doFilterInternal(CharacterEncodingFilter.java:201)
	at org.springframework.web.filter.OncePerRequestFilter.doFilter(OncePerRequestFilter.java:117)
	at org.apache.catalina.core.ApplicationFilterChain.internalDoFilter(ApplicationFilterChain.java:189)
	at org.apache.catalina.core.ApplicationFilterChain.doFilter(ApplicationFilterChain.java:162)
	at org.apache.catalina.core.StandardWrapperValve.invoke(StandardWrapperValve.java:197)
	at org.apache.catalina.core.StandardContextValve.invoke(StandardContextValve.java:97)
	at org.apache.catalina.authenticator.AuthenticatorBase.invoke(AuthenticatorBase.java:541)
	at org.apache.catalina.core.StandardHostValve.invoke(StandardHostValve.java:135)
	at org.apache.catalina.valves.ErrorReportValve.invoke(ErrorReportValve.java:92)
	at org.apache.catalina.core.StandardEngineValve.invoke(StandardEngineValve.java:78)
	at org.apache.catalina.connector.CoyoteAdapter.service(CoyoteAdapter.java:360)
	at org.apache.coyote.http11.Http11Processor.service(Http11Processor.java:399)
	at org.apache.coyote.AbstractProcessorLight.process(AbstractProcessorLight.java:65)
	at org.apache.coyote.AbstractProtocol$ConnectionHandler.process(AbstractProtocol.java:893)
	at org.apache.tomcat.util.net.NioEndpoint$SocketProcessor.doRun(NioEndpoint.java:1789)
	at org.apache.tomcat.util.net.SocketProcessorBase.run(SocketProcessorBase.java:49)
	at org.apache.tomcat.util.threads.ThreadPoolExecutor.runWorker(ThreadPoolExecutor.java:1191)
	at org.apache.tomcat.util.threads.ThreadPoolExecutor$Worker.run(ThreadPoolExecutor.java:659)
	at org.apache.tomcat.util.threads.TaskThread$WrappingRunnable.run(TaskThread.java:61)
	at java.lang.Thread.run(Thread.java:748)
2022-11-23 17:33:05.810 [restartedMain] INFO  com.zwc.SpringbootthymeleafApplication - Starting SpringbootthymeleafApplication using Java 1.8.0_131 on DESKTOP-TEJ57I6 with PID 19032 (E:\javaprojects\spring-learning\springbootthymeleaf\target\classes started by ray in E:\javaprojects\spring-learning)
2022-11-23 17:33:05.810 [restartedMain] INFO  com.zwc.SpringbootthymeleafApplication - No active profile set, falling back to 1 default profile: "default"
2022-11-23 17:33:05.840 [restartedMain] INFO  o.s.b.d.env.DevToolsPropertyDefaultsPostProcessor - Devtools property defaults active! Set 'spring.devtools.add-properties' to 'false' to disable
2022-11-23 17:33:05.840 [restartedMain] INFO  o.s.b.d.env.DevToolsPropertyDefaultsPostProcessor - For additional web related logging consider setting the 'logging.level.web' property to 'DEBUG'
2022-11-23 17:33:06.424 [restartedMain] INFO  o.s.boot.web.embedded.tomcat.TomcatWebServer - Tomcat initialized with port(s): 8088 (http)
2022-11-23 17:33:06.428 [restartedMain] INFO  org.apache.coyote.http11.Http11NioProtocol - Initializing ProtocolHandler ["http-nio-8088"]
2022-11-23 17:33:06.428 [restartedMain] INFO  org.apache.catalina.core.StandardService - Starting service [Tomcat]
2022-11-23 17:33:06.428 [restartedMain] INFO  org.apache.catalina.core.StandardEngine - Starting Servlet engine: [Apache Tomcat/9.0.68]
2022-11-23 17:33:06.457 [restartedMain] INFO  o.a.c.c.C.[Tomcat].[localhost].[/springboot03] - Initializing Spring embedded WebApplicationContext
2022-11-23 17:33:06.457 [restartedMain] INFO  o.s.b.w.s.c.ServletWebServerApplicationContext - Root WebApplicationContext: initialization completed in 617 ms
2022-11-23 17:33:06.497 [restartedMain] INFO  c.a.d.s.b.a.DruidDataSourceAutoConfigure - Init DruidDataSource
2022-11-23 17:33:06.554 [restartedMain] INFO  com.alibaba.druid.pool.DruidDataSource - {dataSource-1} inited
2022-11-23 17:33:06.735 [restartedMain] INFO  o.s.b.a.web.servlet.WelcomePageHandlerMapping - Adding welcome page template: index
2022-11-23 17:33:06.833 [restartedMain] INFO  o.s.b.d.autoconfigure.OptionalLiveReloadServer - LiveReload server is running on port 35729
2022-11-23 17:33:06.844 [restartedMain] INFO  org.apache.coyote.http11.Http11NioProtocol - Starting ProtocolHandler ["http-nio-8088"]
2022-11-23 17:33:06.854 [restartedMain] INFO  o.s.boot.web.embedded.tomcat.TomcatWebServer - Tomcat started on port(s): 8088 (http) with context path '/springboot03'
2022-11-23 17:33:06.860 [restartedMain] INFO  com.zwc.SpringbootthymeleafApplication - Started SpringbootthymeleafApplication in 1.293 seconds (JVM running for 1.784)
2022-11-23 17:33:29.428 [http-nio-8088-exec-1] INFO  o.a.c.c.C.[Tomcat].[localhost].[/springboot03] - Initializing Spring DispatcherServlet 'dispatcherServlet'
2022-11-23 17:33:29.428 [http-nio-8088-exec-1] INFO  org.springframework.web.servlet.DispatcherServlet - Initializing Servlet 'dispatcherServlet'
2022-11-23 17:33:29.429 [http-nio-8088-exec-1] INFO  org.springframework.web.servlet.DispatcherServlet - Completed initialization in 1 ms
2022-11-23 17:33:29.514 [http-nio-8088-exec-1] DEBUG com.zwc.mapper.EmpMapper.findAll - ==>  Preparing: select * from emp
2022-11-23 17:33:29.526 [http-nio-8088-exec-1] DEBUG com.zwc.mapper.EmpMapper.findAll - ==> Parameters: 
2022-11-23 17:33:29.545 [http-nio-8088-exec-1] DEBUG com.zwc.mapper.EmpMapper.findAll - <==      Total: 14
2022-11-23 17:33:44.817 [http-nio-8088-exec-2] DEBUG com.zwc.mapper.EmpMapper.findAll - ==>  Preparing: select * from emp
2022-11-23 17:33:44.817 [http-nio-8088-exec-2] DEBUG com.zwc.mapper.EmpMapper.findAll - ==> Parameters: 
2022-11-23 17:33:44.820 [http-nio-8088-exec-2] DEBUG com.zwc.mapper.EmpMapper.findAll - <==      Total: 14
2022-11-23 17:33:58.569 [http-nio-8088-exec-3] DEBUG com.zwc.mapper.EmpMapper.findAll - ==>  Preparing: select * from emp
2022-11-23 17:33:58.570 [http-nio-8088-exec-3] DEBUG com.zwc.mapper.EmpMapper.findAll - ==> Parameters: 
2022-11-23 17:33:58.571 [http-nio-8088-exec-3] DEBUG com.zwc.mapper.EmpMapper.findAll - <==      Total: 14
2022-11-23 17:54:25.287 [restartedMain] INFO  com.zwc.SpringbootthymeleafApplication - Starting SpringbootthymeleafApplication using Java 1.8.0_131 on DESKTOP-TEJ57I6 with PID 33912 (E:\javaprojects\spring-learning\springbootthymeleaf\target\classes started by ray in E:\javaprojects\spring-learning)
2022-11-23 17:54:25.290 [restartedMain] INFO  com.zwc.SpringbootthymeleafApplication - No active profile set, falling back to 1 default profile: "default"
2022-11-23 17:54:25.340 [restartedMain] INFO  o.s.b.d.env.DevToolsPropertyDefaultsPostProcessor - Devtools property defaults active! Set 'spring.devtools.add-properties' to 'false' to disable
2022-11-23 17:54:25.341 [restartedMain] INFO  o.s.b.d.env.DevToolsPropertyDefaultsPostProcessor - For additional web related logging consider setting the 'logging.level.web' property to 'DEBUG'
2022-11-23 17:54:26.053 [restartedMain] INFO  o.s.boot.web.embedded.tomcat.TomcatWebServer - Tomcat initialized with port(s): 8088 (http)
2022-11-23 17:54:26.057 [restartedMain] INFO  org.apache.coyote.http11.Http11NioProtocol - Initializing ProtocolHandler ["http-nio-8088"]
2022-11-23 17:54:26.058 [restartedMain] INFO  org.apache.catalina.core.StandardService - Starting service [Tomcat]
2022-11-23 17:54:26.069 [restartedMain] INFO  org.apache.catalina.core.StandardEngine - Starting Servlet engine: [Apache Tomcat/9.0.68]
2022-11-23 17:54:26.099 [restartedMain] INFO  o.a.c.c.C.[Tomcat].[localhost].[/springboot03] - Initializing Spring embedded WebApplicationContext
2022-11-23 17:54:26.099 [restartedMain] INFO  o.s.b.w.s.c.ServletWebServerApplicationContext - Root WebApplicationContext: initialization completed in 757 ms
2022-11-23 17:54:26.144 [restartedMain] INFO  c.a.d.s.b.a.DruidDataSourceAutoConfigure - Init DruidDataSource
2022-11-23 17:54:26.212 [restartedMain] INFO  com.alibaba.druid.pool.DruidDataSource - {dataSource-1} inited
2022-11-23 17:54:26.412 [restartedMain] INFO  o.s.b.a.web.servlet.WelcomePageHandlerMapping - Adding welcome page template: index
2022-11-23 17:54:26.520 [restartedMain] INFO  o.s.b.d.autoconfigure.OptionalLiveReloadServer - LiveReload server is running on port 35729
2022-11-23 17:54:26.539 [restartedMain] INFO  org.apache.coyote.http11.Http11NioProtocol - Starting ProtocolHandler ["http-nio-8088"]
2022-11-23 17:54:26.550 [restartedMain] INFO  o.s.boot.web.embedded.tomcat.TomcatWebServer - Tomcat started on port(s): 8088 (http) with context path '/springboot03'
2022-11-23 17:54:26.557 [restartedMain] INFO  com.zwc.SpringbootthymeleafApplication - Started SpringbootthymeleafApplication in 1.646 seconds (JVM running for 2.236)
2022-11-23 17:54:27.084 [http-nio-8088-exec-1] INFO  o.a.c.c.C.[Tomcat].[localhost].[/springboot03] - Initializing Spring DispatcherServlet 'dispatcherServlet'
2022-11-23 17:54:27.085 [http-nio-8088-exec-1] INFO  org.springframework.web.servlet.DispatcherServlet - Initializing Servlet 'dispatcherServlet'
2022-11-23 17:54:27.085 [http-nio-8088-exec-1] INFO  org.springframework.web.servlet.DispatcherServlet - Completed initialization in 0 ms
2022-11-23 17:54:27.182 [http-nio-8088-exec-1] DEBUG com.zwc.mapper.EmpMapper.findAll - ==>  Preparing: select * from emp
2022-11-23 17:54:27.198 [http-nio-8088-exec-1] DEBUG com.zwc.mapper.EmpMapper.findAll - ==> Parameters: 
2022-11-23 17:54:27.214 [http-nio-8088-exec-1] DEBUG com.zwc.mapper.EmpMapper.findAll - <==      Total: 14
2022-11-23 17:54:29.454 [http-nio-8088-exec-3] DEBUG com.zwc.mapper.EmpMapper.findAll - ==>  Preparing: select * from emp
2022-11-23 17:54:29.454 [http-nio-8088-exec-3] DEBUG com.zwc.mapper.EmpMapper.findAll - ==> Parameters: 
2022-11-23 17:54:29.457 [http-nio-8088-exec-3] DEBUG com.zwc.mapper.EmpMapper.findAll - <==      Total: 14
2022-11-23 17:54:31.676 [http-nio-8088-exec-2] DEBUG com.zwc.mapper.EmpMapper.findAll - ==>  Preparing: select * from emp
2022-11-23 17:54:31.676 [http-nio-8088-exec-2] DEBUG com.zwc.mapper.EmpMapper.findAll - ==> Parameters: 
2022-11-23 17:54:31.678 [http-nio-8088-exec-2] DEBUG com.zwc.mapper.EmpMapper.findAll - <==      Total: 14
2022-11-23 17:54:48.925 [http-nio-8088-exec-4] DEBUG com.zwc.mapper.EmpMapper.findAll - ==>  Preparing: select * from emp
2022-11-23 17:54:48.925 [http-nio-8088-exec-4] DEBUG com.zwc.mapper.EmpMapper.findAll - ==> Parameters: 
2022-11-23 17:54:48.927 [http-nio-8088-exec-4] DEBUG com.zwc.mapper.EmpMapper.findAll - <==      Total: 14
2022-11-23 17:54:49.835 [http-nio-8088-exec-5] DEBUG com.zwc.mapper.EmpMapper.findAll - ==>  Preparing: select * from emp
2022-11-23 17:54:49.835 [http-nio-8088-exec-5] DEBUG com.zwc.mapper.EmpMapper.findAll - ==> Parameters: 
2022-11-23 17:54:49.836 [http-nio-8088-exec-5] DEBUG com.zwc.mapper.EmpMapper.findAll - <==      Total: 14
2022-11-23 17:54:50.737 [Thread-8] INFO  org.apache.coyote.http11.Http11NioProtocol - Pausing ProtocolHandler ["http-nio-8088"]
2022-11-23 17:54:50.738 [Thread-8] INFO  org.apache.catalina.core.StandardService - Stopping service [Tomcat]
2022-11-23 17:54:50.739 [Thread-8] INFO  o.a.c.c.C.[Tomcat].[localhost].[/springboot03] - Destroying Spring FrameworkServlet 'dispatcherServlet'
2022-11-23 17:54:50.741 [Thread-8] INFO  org.apache.coyote.http11.Http11NioProtocol - Stopping ProtocolHandler ["http-nio-8088"]
2022-11-23 17:54:50.742 [Thread-8] INFO  org.apache.coyote.http11.Http11NioProtocol - Destroying ProtocolHandler ["http-nio-8088"]
2022-11-23 17:54:50.746 [Thread-8] INFO  com.alibaba.druid.pool.DruidDataSource - {dataSource-1} closed
